SF:lib/core/env.dart
DA:10,10
DA:11,10
DA:12,10
DA:13,3
DA:26,18
DA:66,6
DA:67,30
DA:68,18
LF:8
LH:8
end_of_record
SF:lib/features/auth/state/auth_providers.dart
DA:27,6
DA:37,3
DA:38,0
DA:39,0
DA:43,0
DA:53,6
DA:55,0
DA:56,0
DA:59,0
DA:60,0
DA:78,36
DA:79,8
DA:92,4
DA:93,2
DA:96,4
DA:98,9
DA:100,38
DA:101,9
DA:105,2
DA:106,4
DA:107,1
DA:112,2
DA:113,1
DA:114,4
DA:116,1
DA:119,2
DA:125,3
DA:127,1
DA:130,2
DA:131,1
DA:132,1
DA:133,1
DA:136,2
DA:137,2
DA:138,2
DA:139,2
DA:140,1
DA:143,3
DA:144,2
DA:146,2
DA:147,2
DA:148,3
DA:159,1
DA:161,2
DA:162,1
DA:163,4
DA:168,1
DA:170,4
DA:171,1
DA:176,2
DA:177,4
DA:187,2
DA:191,2
DA:193,2
DA:195,2
DA:196,4
DA:199,1
DA:200,1
DA:203,2
DA:205,2
DA:206,2
DA:207,2
DA:211,2
DA:217,3
DA:220,0
DA:222,2
DA:223,1
DA:224,1
DA:225,1
DA:228,2
DA:229,2
DA:230,2
DA:231,2
DA:232,1
DA:234,1
DA:237,1
DA:238,2
DA:240,2
DA:241,2
DA:242,2
DA:245,0
DA:246,0
DA:248,0
DA:249,0
DA:250,0
DA:258,2
DA:259,2
DA:261,2
DA:262,2
DA:263,2
DA:264,4
DA:265,4
DA:276,1
DA:277,4
DA:280,2
DA:282,0
DA:286,1
DA:287,1
DA:288,1
DA:293,1
DA:295,2
DA:296,1
DA:297,4
DA:299,3
DA:300,3
DA:302,2
DA:304,0
DA:307,1
DA:312,36
LF:109
LH:94
end_of_record
SF:lib/features/auth/state/auth_session.dart
DA:12,9
DA:15,18
DA:16,18
DA:17,18
DA:18,18
DA:19,9
DA:21,2
DA:23,4
DA:24,4
DA:25,2
DA:29,2
DA:32,2
DA:33,2
DA:34,2
DA:42,8
DA:53,2
DA:54,2
DA:55,2
DA:58,2
DA:59,0
DA:63,4
DA:67,2
DA:73,4
DA:74,2
DA:75,2
DA:79,1
DA:80,2
DA:81,2
DA:82,1
DA:83,2
DA:84,1
DA:90,0
DA:93,0
DA:98,2
DA:102,2
DA:103,2
DA:106,2
DA:107,1
DA:111,4
DA:115,2
DA:117,6
DA:121,4
DA:122,4
DA:123,2
DA:124,4
DA:125,4
DA:126,0
DA:127,0
DA:134,0
DA:135,0
DA:136,0
DA:137,0
DA:140,0
DA:141,0
DA:144,0
DA:145,0
DA:148,0
DA:155,2
DA:157,4
DA:158,4
DA:161,0
DA:175,2
DA:180,4
DA:183,4
DA:185,0
DA:188,4
DA:189,4
DA:190,2
DA:191,2
DA:192,2
DA:200,1
DA:202,2
DA:204,0
DA:208,1
DA:211,2
DA:212,2
DA:214,2
DA:216,0
DA:218,2
DA:219,1
DA:222,2
DA:223,4
DA:224,4
DA:228,8
DA:231,0
DA:232,0
DA:236,0
DA:237,0
DA:238,0
DA:239,0
DA:242,0
DA:243,0
LF:92
LH:66
end_of_record
SF:lib/features/vpn/data/backend_health.dart
DA:16,1
DA:22,1
DA:23,1
DA:24,1
DA:37,1
DA:43,1
DA:45,0
DA:50,1
DA:52,1
DA:55,0
DA:68,10
DA:71,2
DA:72,2
DA:74,2
DA:75,1
DA:77,1
DA:79,0
LF:17
LH:14
end_of_record
SF:lib/features/vpn/data/device_store.dart
DA:42,9
DA:44,9
DA:45,3
DA:51,3
DA:52,2
DA:53,2
DA:54,2
DA:55,2
DA:56,2
DA:57,2
DA:58,2
DA:59,2
DA:60,2
DA:63,1
DA:64,2
DA:67,1
DA:68,1
DA:70,1
DA:71,1
DA:80,2
DA:81,2
DA:82,1
DA:85,2
DA:87,2
DA:90,3
DA:91,0
DA:92,0
DA:97,3
DA:98,1
DA:99,2
DA:100,3
DA:101,2
DA:102,2
DA:109,3
DA:110,1
DA:111,2
DA:120,1
DA:122,2
DA:123,2
DA:124,2
DA:125,2
DA:128,1
DA:129,1
DA:130,2
DA:134,2
DA:139,4
DA:141,4
DA:142,4
DA:144,4
DA:145,4
DA:146,4
DA:150,3
DA:151,0
DA:152,0
DA:153,0
DA:158,1
DA:159,2
DA:160,1
DA:163,1
DA:164,2
DA:168,31
LF:61
LH:56
end_of_record
SF:lib/features/auth/data/session_store.dart
DA:21,4
DA:23,9
DA:27,18
DA:32,1
DA:33,1
DA:34,3
DA:36,1
DA:37,1
DA:40,1
DA:41,1
DA:50,18
DA:54,18
DA:56,18
DA:58,18
DA:62,1
DA:67,2
DA:69,2
DA:70,1
DA:71,3
DA:72,1
DA:73,1
DA:77,3
DA:83,41
LF:23
LH:23
end_of_record
SF:lib/features/vpn/data/vpn_api.dart
DA:18,9
DA:20,5
DA:21,10
DA:22,4
DA:23,12
DA:24,4
DA:27,2
DA:35,4
DA:37,2
DA:38,2
DA:39,2
DA:40,2
DA:41,0
DA:42,1
DA:44,4
DA:46,4
DA:49,8
DA:50,16
DA:51,8
DA:54,16
DA:57,3
DA:64,6
DA:65,3
DA:66,3
DA:67,3
DA:68,1
DA:69,1
DA:73,6
DA:76,3
DA:84,3
DA:85,1
DA:87,6
DA:88,3
DA:89,3
DA:90,3
DA:91,3
DA:92,1
DA:96,6
DA:101,2
DA:106,4
DA:107,2
DA:108,2
DA:111,4
DA:117,5
DA:118,15
DA:119,10
DA:124,5
DA:125,15
DA:132,2
DA:133,6
LF:50
LH:49
end_of_record
SF:lib/features/vpn/state/vpn_providers.dart
DA:21,1
DA:22,1
DA:23,2
DA:35,7
DA:36,2
DA:38,1
DA:39,1
DA:42,1
LF:8
LH:8
end_of_record
SF:lib/main.dart
DA:9,0
DA:10,0
DA:16,1
DA:18,2
DA:20,2
DA:22,6
DA:26,2
DA:27,2
LF:8
LH:6
end_of_record
SF:lib/features/vpn/state/connection_controller.dart
DA:54,28
DA:55,40
DA:56,12
DA:60,32
DA:61,20
DA:62,3
DA:63,9
DA:66,8
DA:79,7
DA:80,7
DA:113,0
DA:114,0
DA:115,1
DA:116,1
DA:129,1
DA:130,1
DA:131,1
DA:132,1
DA:149,1
DA:150,1
DA:151,1
DA:152,1
DA:158,7
DA:160,14
DA:161,7
DA:162,14
DA:173,3
DA:175,6
DA:183,1
DA:184,2
DA:187,2
DA:188,4
DA:189,1
DA:190,2
DA:196,18
DA:197,14
DA:199,8
DA:201,24
DA:202,23
DA:203,24
DA:204,8
DA:211,32
DA:212,16
DA:213,24
DA:215,0
DA:216,0
DA:217,0
DA:218,0
DA:220,0
DA:221,0
DA:222,0
DA:225,0
DA:226,0
DA:227,0
DA:230,0
DA:238,32
DA:239,8
DA:240,0
DA:243,0
DA:256,1
DA:257,1
DA:260,14
DA:264,2
DA:268,1
DA:273,1
DA:281,2
DA:284,8
DA:287,8
DA:291,2
DA:298,1
DA:299,2
DA:300,1
DA:301,4
DA:306,6
DA:309,4
DA:312,2
DA:315,6
DA:318,2
DA:324,2
DA:333,3
DA:338,6
DA:339,12
DA:344,3
DA:354,3
DA:359,6
DA:361,6
DA:367,1
DA:369,3
DA:376,1
DA:377,4
DA:383,2
DA:389,0
DA:405,1
DA:410,4
DA:414,2
DA:418,2
DA:419,2
DA:420,6
DA:421,2
DA:425,0
DA:426,0
DA:429,1
DA:431,2
DA:441,21
DA:442,24
DA:443,0
DA:444,0
DA:445,0
DA:446,0
DA:449,0
DA:457,12
DA:458,6
DA:459,3
DA:462,33
LF:114
LH:91
end_of_record
SF:lib/features/vpn/state/conn_coldstart.dart
DA:12,2
DA:13,6
DA:14,4
DA:15,2
DA:16,6
DA:17,4
DA:18,4
DA:19,1
DA:20,2
DA:21,2
DA:52,3
DA:53,15
DA:56,12
DA:59,6
DA:61,0
DA:66,6
DA:69,4
DA:71,1
DA:73,0
DA:76,6
DA:79,4
DA:87,2
DA:88,2
DA:90,1
DA:91,1
DA:96,1
DA:98,1
DA:101,1
DA:102,4
DA:106,1
DA:109,1
DA:110,1
DA:111,1
DA:112,1
DA:122,1
DA:124,3
DA:127,2
DA:128,1
DA:131,4
DA:136,1
DA:141,1
DA:142,2
DA:144,6
DA:147,2
DA:151,2
DA:153,2
DA:154,2
DA:155,4
DA:162,0
DA:164,1
DA:171,1
DA:172,1
DA:173,1
DA:174,1
DA:176,1
DA:182,4
DA:189,1
DA:193,2
DA:194,1
DA:202,4
DA:209,1
DA:210,2
DA:215,4
DA:222,4
DA:230,2
DA:231,1
DA:232,2
DA:233,1
DA:234,1
DA:241,2
DA:242,1
DA:243,1
DA:244,2
DA:246,1
DA:247,1
DA:248,2
DA:249,1
DA:250,1
DA:259,1
DA:260,2
DA:263,0
DA:264,0
DA:269,4
DA:271,0
DA:287,1
DA:288,1
DA:289,0
DA:292,0
DA:293,0
DA:294,0
DA:295,0
DA:296,0
DA:297,0
DA:309,2
DA:311,1
DA:313,4
DA:317,1
DA:319,1
DA:321,0
DA:322,0
DA:323,0
DA:325,0
DA:327,0
DA:333,1
DA:335,1
DA:346,1
DA:347,2
DA:348,3
DA:356,2
DA:357,1
DA:358,2
DA:361,2
DA:362,1
DA:363,1
DA:364,2
DA:376,1
DA:381,1
DA:382,1
DA:383,2
DA:385,1
DA:386,1
DA:387,1
DA:396,2
DA:397,1
DA:398,1
DA:400,4
DA:401,0
DA:402,2
DA:407,0
DA:409,1
DA:410,1
DA:412,0
DA:415,0
DA:421,2
DA:422,1
DA:424,1
DA:425,0
DA:426,0
DA:427,0
DA:428,1
DA:435,1
DA:436,0
DA:437,1
DA:441,0
DA:446,0
DA:454,1
DA:456,2
DA:457,1
DA:458,2
DA:459,2
DA:462,0
DA:469,1
DA:470,1
DA:472,2
DA:479,1
DA:480,3
DA:481,5
DA:482,6
LF:158
LH:129
end_of_record
SF:lib/features/vpn/state/conn_connect.dart
DA:11,7
DA:16,14
DA:17,28
DA:22,1
DA:23,2
DA:24,2
DA:26,0
DA:28,4
DA:29,1
DA:32,28
DA:36,1
DA:43,1
DA:48,1
DA:52,21
DA:53,14
DA:54,7
DA:56,1
DA:61,2
DA:62,1
DA:63,1
DA:64,2
DA:70,1
DA:75,0
DA:88,2
DA:94,4
DA:95,4
DA:96,2
DA:97,4
DA:99,4
DA:101,2
DA:102,4
DA:103,4
DA:106,1
DA:109,0
DA:110,0
DA:114,4
DA:115,2
DA:116,2
DA:124,7
DA:129,14
DA:131,7
DA:137,1
DA:138,1
DA:139,2
DA:140,1
DA:142,2
DA:143,1
DA:144,2
DA:147,2
DA:148,1
DA:149,1
DA:151,2
DA:155,0
DA:156,0
DA:157,0
DA:158,0
DA:160,0
DA:162,0
DA:168,2
DA:171,0
DA:172,0
DA:175,0
DA:176,0
DA:178,0
DA:179,0
DA:180,0
DA:182,0
DA:183,0
DA:184,0
DA:186,0
DA:189,0
DA:190,0
DA:191,0
DA:192,0
DA:194,0
DA:196,0
DA:202,2
DA:203,2
DA:205,4
DA:207,1
DA:210,7
DA:217,1
DA:219,2
DA:220,1
DA:221,3
DA:237,1
DA:238,2
DA:240,2
DA:245,1
DA:247,0
DA:248,0
DA:249,0
DA:251,0
DA:256,3
DA:258,2
DA:263,6
DA:264,1
DA:267,1
DA:268,1
DA:292,1
DA:293,3
DA:296,4
DA:299,4
DA:300,3
DA:301,0
DA:304,1
DA:310,2
DA:312,3
DA:314,3
DA:315,0
DA:321,1
DA:326,1
DA:330,0
DA:334,2
DA:336,0
DA:337,0
DA:338,0
DA:340,0
DA:344,1
DA:346,1
DA:347,4
DA:354,3
DA:357,3
DA:358,3
DA:360,5
DA:361,3
DA:362,4
DA:363,4
DA:367,1
DA:368,1
DA:377,1
LF:131
LH:93
end_of_record
SF:lib/features/vpn/state/conn_failover.dart
DA:15,0
DA:16,0
DA:18,0
DA:20,0
DA:36,2
DA:42,0
DA:46,0
DA:47,6
DA:48,4
DA:50,6
DA:53,4
DA:54,4
DA:55,2
DA:56,2
DA:58,8
DA:62,2
DA:71,4
DA:73,2
DA:74,6
DA:84,2
DA:86,2
DA:89,0
DA:94,0
DA:99,0
DA:101,0
DA:102,0
DA:106,1
DA:108,2
DA:113,2
DA:114,2
DA:116,1
DA:119,1
DA:120,1
DA:121,4
DA:123,1
DA:131,3
DA:143,0
DA:144,0
DA:150,1
DA:154,3
DA:155,5
DA:156,5
DA:157,4
DA:158,1
DA:175,2
DA:179,1
DA:180,2
DA:182,1
DA:193,1
DA:194,1
DA:198,1
DA:199,1
DA:200,0
DA:201,0
DA:202,0
DA:203,0
DA:210,0
DA:212,0
DA:215,0
DA:218,0
DA:220,0
DA:223,0
DA:228,2
DA:231,1
DA:235,1
DA:237,0
DA:238,0
DA:239,0
DA:240,0
DA:243,0
DA:250,4
DA:257,4
DA:258,1
DA:260,1
DA:261,2
DA:271,1
DA:275,2
DA:276,2
DA:278,2
DA:279,2
DA:280,5
DA:281,1
DA:286,1
DA:289,1
DA:306,2
DA:315,4
DA:316,4
DA:317,4
DA:318,2
DA:320,2
DA:322,0
DA:323,0
DA:324,0
DA:327,0
DA:334,8
DA:340,6
LF:96
LH:64
end_of_record
SF:lib/features/vpn/state/conn_heal.dart
DA:10,3
DA:11,6
DA:13,6
DA:14,9
DA:15,9
DA:20,6
DA:21,6
DA:22,6
DA:23,9
DA:24,12
DA:28,3
DA:34,3
DA:35,0
DA:36,0
DA:39,0
DA:44,3
DA:46,3
DA:48,0
DA:49,0
DA:50,0
DA:53,0
DA:59,12
DA:65,6
DA:67,3
DA:78,2
DA:79,4
DA:81,2
DA:83,2
DA:100,2
DA:105,4
DA:111,6
DA:112,0
DA:115,4
DA:117,6
DA:118,4
DA:119,2
DA:120,2
DA:122,8
DA:126,2
DA:132,4
DA:134,6
DA:135,2
DA:136,6
DA:139,1
DA:140,2
DA:141,1
DA:142,0
DA:143,0
DA:146,1
DA:147,1
DA:155,0
DA:156,0
DA:162,0
DA:163,0
DA:168,1
DA:173,3
DA:174,2
DA:175,1
DA:176,2
DA:177,1
DA:178,0
DA:179,0
DA:182,1
DA:185,1
DA:186,1
DA:189,0
DA:190,0
DA:193,0
DA:195,0
DA:196,0
DA:200,0
DA:201,0
DA:205,6
DA:208,6
DA:214,4
DA:215,2
DA:218,2
DA:233,2
DA:234,2
DA:235,2
DA:239,1
DA:243,1
DA:245,0
DA:246,0
DA:247,0
DA:248,0
DA:251,0
DA:261,4
DA:263,1
DA:267,2
DA:268,1
LF:91
LH:63
end_of_record
SF:lib/features/vpn/state/conn_health.dart
DA:16,4
DA:17,12
DA:18,8
DA:19,8
DA:20,8
DA:22,4
DA:37,8
DA:38,4
DA:44,4
DA:45,1
DA:46,8
DA:47,8
DA:48,4
DA:49,12
DA:50,1
DA:51,3
DA:55,3
DA:61,12
DA:62,12
DA:63,0
DA:64,0
DA:65,0
DA:66,0
DA:67,0
DA:68,0
DA:74,4
DA:75,4
DA:77,0
DA:78,6
DA:79,12
DA:80,12
DA:88,16
DA:89,8
DA:91,7
DA:102,4
DA:105,4
DA:107,6
DA:117,3
DA:118,6
DA:120,6
DA:129,9
DA:131,2
DA:132,3
DA:134,4
DA:142,3
DA:143,2
DA:144,3
DA:145,4
DA:150,3
DA:151,4
DA:154,3
DA:157,3
DA:159,3
DA:164,2
DA:165,1
DA:166,2
DA:167,2
DA:168,2
DA:171,2
DA:175,0
DA:178,3
DA:179,1
DA:183,3
DA:184,6
DA:185,6
DA:186,6
DA:189,6
DA:193,0
DA:194,3
DA:195,6
DA:196,6
DA:197,6
DA:200,6
DA:204,1
DA:206,3
DA:218,10
DA:219,3
DA:221,4
DA:224,3
DA:225,4
DA:227,2
DA:232,3
DA:234,6
DA:236,0
DA:246,5
DA:247,5
DA:251,0
DA:255,10
DA:260,0
DA:269,3
DA:271,6
DA:275,0
LF:92
LH:79
end_of_record
SF:lib/features/vpn/state/conn_lifecycle.dart
DA:11,15
DA:21,1
DA:22,1
DA:23,1
DA:24,1
DA:25,2
DA:26,1
DA:35,3
DA:40,6
DA:41,9
DA:43,4
DA:56,0
DA:57,0
DA:67,1
DA:71,1
DA:72,2
DA:73,1
DA:74,1
DA:75,1
DA:76,1
DA:83,2
DA:84,4
DA:85,2
DA:86,8
DA:87,2
DA:89,2
DA:90,3
DA:91,2
DA:92,4
DA:99,1
DA:100,1
DA:102,0
DA:103,0
DA:104,0
DA:106,0
DA:109,1
DA:114,1
DA:118,2
DA:120,1
DA:122,1
DA:133,3
DA:134,6
DA:136,3
DA:138,3
DA:146,3
DA:151,12
DA:152,3
DA:155,6
DA:157,6
DA:159,0
DA:163,6
DA:165,0
DA:168,9
DA:171,6
DA:172,1
DA:173,2
DA:174,2
DA:175,2
DA:178,1
DA:179,1
DA:180,1
DA:181,2
DA:182,3
DA:186,1
DA:188,1
DA:193,3
DA:197,9
DA:198,3
DA:199,3
DA:200,3
DA:201,6
DA:202,9
DA:212,0
DA:213,0
DA:214,0
DA:215,0
DA:219,0
DA:221,0
DA:229,1
DA:230,1
DA:231,1
DA:245,1
DA:250,2
DA:254,2
DA:256,0
DA:259,1
DA:262,2
DA:263,1
DA:264,3
DA:265,1
DA:266,2
DA:269,0
DA:272,0
DA:275,2
DA:277,1
LF:95
LH:78
end_of_record
SF:lib/features/vpn/state/conn_poll.dart
DA:10,4
DA:11,12
DA:12,8
DA:13,8
DA:19,20
DA:20,4
DA:23,8
DA:24,2
DA:25,6
DA:26,1
DA:27,1
DA:35,4
DA:36,4
DA:37,2
DA:38,1
DA:39,1
DA:46,1
DA:47,3
DA:48,4
DA:49,1
DA:50,1
DA:56,6
DA:63,4
DA:64,1
DA:67,6
DA:68,1
DA:69,4
DA:73,4
DA:74,8
DA:76,2
DA:77,1
DA:79,4
DA:83,0
DA:89,8
DA:90,1
DA:93,4
DA:94,4
DA:95,2
DA:96,3
DA:97,1
DA:99,2
DA:101,0
DA:103,1
DA:104,1
DA:105,1
DA:106,2
DA:107,3
DA:113,0
DA:125,20
DA:128,4
DA:129,16
DA:133,0
DA:138,8
DA:139,8
DA:140,1
LF:55
LH:51
end_of_record
SF:lib/features/vpn/state/conn_provision.dart
DA:4,1
DA:5,4
DA:7,2
DA:8,2
DA:9,1
DA:10,2
DA:11,2
DA:14,0
DA:15,0
DA:23,1
DA:24,2
DA:25,2
DA:28,2
DA:34,2
DA:35,2
DA:38,2
DA:39,1
DA:40,2
DA:41,1
DA:42,1
DA:43,3
DA:44,2
DA:46,2
DA:53,2
DA:54,2
DA:55,2
DA:60,3
DA:62,1
DA:70,1
DA:71,1
DA:76,3
DA:79,1
DA:80,1
DA:82,3
DA:83,2
DA:84,2
DA:85,2
DA:86,1
DA:88,4
DA:90,1
DA:91,1
DA:92,2
DA:93,1
DA:95,2
DA:96,0
DA:98,2
DA:102,0
DA:104,0
DA:107,4
DA:109,1
LF:50
LH:45
end_of_record
SF:lib/features/vpn/state/conn_stage.dart
DA:12,0
DA:18,10
DA:24,4
DA:25,6
DA:26,1
DA:27,2
DA:32,6
DA:33,1
DA:34,2
DA:35,0
DA:40,1
DA:41,0
DA:42,0
DA:43,0
DA:44,2
DA:45,1
DA:46,1
DA:47,2
DA:48,3
DA:58,6
DA:59,0
DA:62,2
DA:70,6
DA:71,1
DA:77,4
DA:78,1
DA:79,4
DA:82,4
DA:83,0
DA:91,2
DA:92,8
DA:96,10
DA:99,1
DA:100,0
DA:101,0
DA:104,0
DA:105,0
DA:106,0
DA:107,0
DA:108,0
DA:110,0
DA:118,1
DA:119,3
DA:120,4
DA:122,2
DA:129,0
DA:130,0
DA:132,0
DA:145,2
DA:148,4
DA:149,10
DA:155,6
DA:156,0
DA:157,0
DA:158,0
DA:159,0
DA:160,0
DA:161,0
DA:164,0
DA:167,0
DA:170,4
DA:171,6
DA:172,4
DA:173,0
DA:177,4
DA:179,2
DA:180,2
DA:181,2
DA:182,0
DA:185,2
DA:186,2
DA:187,2
DA:190,2
DA:200,4
DA:201,2
DA:202,0
DA:211,2
DA:214,0
DA:222,2
DA:226,2
DA:228,0
DA:235,2
DA:241,4
DA:242,6
DA:243,4
DA:246,4
DA:247,8
DA:248,4
DA:249,6
DA:251,0
DA:263,1
DA:264,2
DA:265,1
DA:267,0
DA:270,0
DA:277,2
DA:282,4
DA:283,6
DA:284,4
DA:285,0
DA:288,4
DA:289,2
DA:290,2
DA:291,2
DA:293,0
DA:295,0
DA:300,0
DA:301,0
DA:302,0
DA:303,0
DA:307,2
DA:308,2
DA:310,2
DA:320,4
LF:114
LH:73
end_of_record
SF:lib/features/vpn/state/conn_switch.dart
DA:4,1
DA:16,4
DA:20,3
DA:21,3
DA:23,1
DA:24,2
DA:26,4
DA:27,4
DA:31,2
DA:32,2
DA:33,3
DA:54,2
DA:55,2
DA:56,2
DA:57,2
DA:58,2
DA:67,1
DA:73,1
DA:74,1
DA:77,4
DA:78,2
DA:83,1
DA:84,2
DA:86,1
DA:93,5
DA:97,5
DA:111,1
DA:112,1
DA:119,1
DA:122,2
DA:123,1
DA:124,1
DA:126,1
DA:131,1
DA:138,1
DA:139,1
DA:140,3
DA:141,1
DA:143,2
DA:149,1
DA:152,3
DA:153,1
DA:156,2
DA:157,1
DA:162,1
DA:170,0
DA:174,2
DA:179,1
DA:185,1
DA:196,1
DA:199,1
DA:204,1
DA:207,0
DA:213,1
DA:218,1
DA:227,1
DA:229,1
DA:232,1
DA:242,1
DA:243,2
DA:244,2
DA:245,3
DA:257,2
DA:258,2
DA:259,2
DA:262,0
DA:269,3
DA:271,4
DA:276,2
DA:280,1
DA:281,1
DA:282,2
DA:287,5
DA:293,5
DA:305,1
DA:306,1
DA:310,1
DA:311,2
DA:312,1
DA:313,1
DA:315,1
DA:316,1
DA:317,3
DA:319,1
DA:320,1
DA:321,2
DA:322,1
DA:324,1
DA:330,1
DA:342,1
LF:90
LH:87
end_of_record
SF:lib/features/vpn/state/conn_transport.dart
DA:14,4
DA:19,4
DA:21,4
DA:23,4
DA:25,0
DA:26,0
DA:27,0
DA:30,4
DA:31,0
DA:33,4
DA:34,12
DA:35,6
DA:43,2
DA:49,2
DA:51,6
DA:62,1
DA:66,1
DA:68,3
DA:83,3
DA:84,5
DA:85,6
DA:91,4
DA:92,4
DA:97,6
DA:98,6
DA:100,6
DA:101,3
DA:108,2
DA:111,6
DA:126,3
DA:136,3
DA:137,2
DA:138,3
DA:140,2
DA:147,3
DA:148,6
DA:149,6
DA:152,6
DA:153,3
DA:159,0
DA:160,0
DA:162,0
DA:163,0
DA:168,1
DA:173,3
DA:186,4
DA:187,2
DA:189,2
DA:198,2
DA:205,4
DA:206,2
DA:207,0
DA:208,0
DA:211,0
DA:220,2
DA:230,3
DA:236,2
DA:237,8
DA:239,2
DA:244,8
DA:247,4
DA:250,1
DA:254,4
DA:260,0
DA:270,1
DA:276,1
DA:277,2
DA:279,1
DA:282,1
DA:284,1
DA:287,1
DA:289,0
DA:290,0
DA:291,0
DA:295,0
DA:296,0
DA:299,0
DA:300,0
DA:303,0
DA:304,0
DA:305,0
DA:307,0
DA:310,0
DA:313,0
DA:314,0
LF:85
LH:59
end_of_record
SF:lib/features/vpn/state/conn_tunnel.dart
DA:6,7
DA:7,7
DA:11,7
DA:12,28
DA:13,0
DA:17,7
DA:18,14
DA:19,7
DA:26,28
DA:27,7
DA:28,2
DA:32,0
DA:48,7
DA:49,14
DA:50,7
DA:51,7
DA:52,7
DA:53,7
DA:57,8
DA:58,16
DA:71,7
DA:72,14
DA:73,7
DA:74,14
DA:75,14
DA:78,14
DA:79,14
DA:85,5
DA:86,5
DA:89,8
DA:91,4
DA:93,1
DA:98,7
DA:105,7
DA:106,14
DA:107,21
DA:108,21
DA:110,14
DA:111,0
DA:112,7
DA:114,7
DA:115,7
DA:116,7
DA:117,7
DA:118,7
DA:119,14
DA:121,7
DA:122,21
DA:124,1
DA:128,14
DA:129,21
DA:133,14
DA:134,21
DA:135,7
DA:140,6
DA:142,14
DA:143,28
DA:167,28
DA:169,0
DA:171,7
DA:176,14
DA:177,7
DA:184,3
DA:185,6
DA:188,4
DA:189,12
DA:190,6
DA:191,6
DA:192,6
DA:198,10
LF:70
LH:66
end_of_record
SF:lib/app/authed_shell.dart
DA:19,1
DA:21,2
DA:22,2
DA:30,2
DA:32,2
DA:35,4
DA:36,4
DA:38,4
DA:39,0
DA:40,4
DA:45,6
DA:46,2
DA:47,6
DA:51,2
DA:53,4
DA:54,2
DA:57,2
DA:59,2
DA:61,2
DA:66,4
DA:67,2
DA:68,2
DA:69,8
DA:70,2
DA:71,2
DA:73,2
DA:75,2
DA:77,2
DA:79,2
DA:81,2
LF:30
LH:29
end_of_record
SF:lib/features/vpn/state/resume_coordinator.dart
DA:20,3
DA:35,3
DA:36,18
DA:40,12
DA:42,3
DA:46,3
DA:48,0
DA:56,1
DA:57,6
DA:61,5
DA:68,1
DA:69,0
DA:73,5
DA:74,1
DA:75,2
DA:76,1
DA:78,5
DA:80,0
DA:82,6
DA:87,4
DA:88,5
DA:92,1
DA:94,1
DA:97,0
LF:24
LH:20
end_of_record
SF:lib/features/vpn/ui/home_screen.dart
DA:21,1
DA:23,2
DA:25,2
DA:27,2
DA:28,6
LF:5
LH:5
end_of_record
SF:lib/features/vpn/ui/regions_screen.dart
DA:24,1
DA:26,2
DA:27,2
DA:47,2
DA:49,2
DA:50,7
DA:51,1
DA:52,3
DA:54,2
DA:55,4
DA:62,6
DA:63,2
DA:64,4
DA:65,0
DA:70,2
DA:72,4
DA:73,4
DA:74,2
DA:80,0
DA:81,0
DA:82,0
DA:83,0
DA:84,0
DA:85,0
DA:88,0
DA:89,0
DA:90,0
DA:91,0
DA:92,0
DA:99,1
DA:100,2
DA:102,4
DA:103,1
DA:104,3
DA:105,4
DA:108,0
DA:109,0
DA:110,0
DA:111,0
DA:119,2
DA:120,2
DA:122,1
DA:123,2
DA:124,1
DA:129,2
DA:131,2
DA:132,4
DA:133,12
DA:135,2
DA:138,2
DA:140,2
DA:141,2
DA:142,4
DA:143,2
DA:144,2
DA:147,2
DA:148,2
DA:152,2
DA:153,2
DA:154,2
DA:155,2
DA:156,0
DA:158,2
DA:159,2
DA:160,2
DA:161,2
DA:162,2
DA:166,2
DA:167,1
DA:169,1
DA:170,1
DA:172,1
DA:173,1
DA:178,1
DA:179,1
DA:180,2
DA:185,2
DA:186,4
DA:187,2
DA:188,2
DA:191,5
DA:192,2
DA:193,2
DA:194,2
DA:195,2
DA:196,2
DA:206,2
DA:212,2
DA:213,3
DA:215,2
DA:219,1
DA:220,2
DA:222,1
DA:225,0
DA:226,0
DA:235,0
DA:237,0
LF:97
LH:76
end_of_record
SF:lib/features/vpn/ui/settings_screen.dart
DA:17,1
DA:19,2
DA:21,2
DA:22,2
DA:23,6
DA:24,2
LF:6
LH:6
end_of_record
SF:lib/l10n/gen/app_localizations.dart
DA:65,2
DA:66,4
DA:70,2
DA:71,2
DA:518,1
DA:520,2
DA:522,4
DA:525,2
DA:527,6
DA:529,0
DA:533,2
DA:535,2
DA:536,2
DA:537,0
DA:538,2
DA:539,2
DA:542,0
LF:17
LH:14
end_of_record
SF:lib/app/root_shell.dart
DA:14,1
DA:16,2
DA:18,4
DA:19,2
DA:20,2
DA:25,0
DA:26,0
DA:29,4
DA:30,2
DA:31,2
LF:10
LH:8
end_of_record
SF:lib/core/log.dart
DA:9,0
DA:11,11
DA:12,33
DA:15,16
DA:17,64
DA:25,8
DA:27,8
DA:28,16
DA:29,6
LF:9
LH:8
end_of_record
SF:lib/features/auth/ui/login_screen.dart
DA:10,1
DA:12,1
DA:13,1
DA:21,1
DA:23,2
DA:24,2
DA:25,1
DA:28,0
DA:29,0
DA:30,0
DA:31,0
DA:32,0
DA:33,0
DA:34,0
DA:35,0
DA:39,0
DA:40,0
DA:41,0
DA:44,1
DA:47,4
DA:49,1
DA:50,1
DA:51,3
DA:52,1
DA:53,1
DA:55,1
DA:57,1
DA:60,1
DA:63,1
DA:64,1
DA:65,3
DA:69,1
DA:70,1
DA:71,1
DA:72,1
DA:73,1
DA:84,0
DA:87,1
DA:88,1
DA:89,1
DA:90,1
DA:92,1
DA:93,1
DA:94,1
DA:96,1
DA:97,0
DA:98,1
DA:99,0
DA:100,0
DA:103,1
DA:106,0
DA:108,1
DA:110,0
DA:112,0
DA:113,0
DA:114,0
DA:115,0
DA:121,1
DA:122,1
DA:123,2
DA:124,1
DA:130,2
DA:132,1
DA:133,1
DA:134,1
DA:136,1
DA:138,1
DA:139,1
DA:140,3
DA:146,1
DA:147,1
DA:148,1
DA:150,0
DA:151,0
DA:152,0
DA:154,2
DA:156,1
DA:157,1
DA:158,1
DA:160,0
DA:161,0
DA:162,0
DA:164,2
LF:83
LH:56
end_of_record
SF:lib/core/dio_client.dart
DA:15,2
DA:17,4
DA:22,1
DA:23,1
DA:24,3
DA:25,3
DA:26,1
DA:35,2
DA:36,1
DA:37,2
DA:38,1
DA:39,0
DA:47,1
DA:48,4
DA:57,1
DA:62,1
DA:63,2
DA:64,4
DA:65,4
DA:72,3
DA:73,0
DA:76,1
DA:77,3
DA:80,0
DA:81,0
DA:82,0
DA:83,0
DA:84,0
DA:85,0
DA:87,0
DA:88,0
DA:89,0
DA:90,0
DA:91,0
DA:92,0
DA:93,0
DA:103,1
DA:104,2
DA:105,1
DA:106,0
DA:116,1
DA:117,2
DA:118,0
DA:120,1
DA:121,1
DA:122,1
DA:125,1
DA:128,1
DA:136,0
DA:137,0
DA:138,0
DA:149,0
DA:153,0
DA:155,0
DA:156,0
DA:157,0
DA:158,0
DA:159,0
DA:160,0
DA:161,0
DA:163,0
DA:165,0
DA:166,0
DA:167,0
DA:169,0
DA:170,0
DA:171,0
DA:172,0
DA:175,0
DA:176,0
DA:177,0
DA:181,0
DA:193,2
DA:194,4
DA:195,4
DA:196,4
DA:202,4
DA:213,6
DA:214,18
DA:215,5
DA:226,4
DA:227,4
DA:228,4
DA:229,7
DA:230,4
DA:231,3
DA:232,6
DA:233,6
DA:234,6
DA:235,6
LF:90
LH:49
end_of_record
SF:lib/core/errors.dart
DA:25,4
DA:27,5
DA:28,5
DA:35,1
DA:36,2
DA:46,1
DA:47,2
DA:48,1
DA:49,1
DA:50,1
DA:51,1
DA:62,1
DA:67,1
DA:68,1
DA:71,1
DA:76,1
DA:77,2
DA:88,1
DA:89,1
DA:100,1
DA:106,1
DA:107,1
DA:108,1
DA:113,0
DA:114,1
DA:119,2
DA:125,1
DA:127,1
DA:128,1
DA:134,1
DA:135,1
DA:137,1
DA:140,1
DA:145,2
DA:148,1
DA:154,1
DA:155,1
DA:158,1
DA:159,1
LF:39
LH:38
end_of_record
SF:lib/core/tls_pinning_io.dart
DA:15,1
DA:16,1
DA:17,1
DA:18,2
DA:22,1
DA:23,4
DA:29,1
LF:7
LH:7
end_of_record
SF:lib/core/ip.dart
DA:8,9
DA:9,9
DA:10,22
DA:11,9
DA:12,18
DA:13,9
DA:14,20
DA:15,27
DA:21,8
DA:22,8
DA:24,56
DA:26,8
DA:31,9
DA:32,9
DA:33,9
DA:34,9
DA:35,9
DA:36,18
DA:37,34
DA:38,22
DA:39,36
DA:40,0
DA:42,9
DA:44,45
DA:45,9
DA:48,0
DA:49,0
DA:51,9
DA:52,18
DA:54,18
DA:55,0
DA:56,18
DA:57,27
DA:64,8
DA:65,8
DA:67,56
DA:69,8
DA:71,8
DA:73,16
DA:74,24
DA:75,8
DA:79,8
DA:82,8
DA:86,8
DA:90,8
DA:91,0
DA:94,8
DA:95,24
DA:96,8
DA:98,16
DA:99,8
DA:100,8
DA:101,16
DA:102,16
DA:106,6
DA:108,6
DA:110,1
DA:116,1
DA:118,1
DA:120,0
DA:128,6
DA:129,9
DA:130,6
DA:131,7
DA:132,6
DA:136,1
DA:137,4
DA:142,6
DA:143,6
DA:144,6
DA:145,6
DA:146,1
DA:147,1
DA:148,1
DA:149,1
DA:151,6
DA:152,12
DA:153,6
DA:154,12
DA:155,6
DA:156,12
DA:157,6
DA:159,12
DA:160,4
DA:161,6
LF:85
LH:79
end_of_record
SF:lib/core/locale.dart
DA:8,3
DA:10,6
DA:11,9
LF:3
LH:3
end_of_record
SF:lib/core/mutex.dart
DA:19,18
DA:23,8
DA:24,8
DA:25,8
DA:27,16
DA:29,8
DA:32,24
DA:33,8
DA:36,8
DA:37,4
DA:38,4
LF:11
LH:11
end_of_record
SF:lib/core/theme.dart
DA:8,2
DA:16,0
DA:18,0
DA:19,0
DA:20,0
DA:23,1
DA:25,1
DA:26,1
DA:27,3
DA:28,3
DA:47,2
DA:48,4
DA:54,9
DA:60,9
LF:14
LH:10
end_of_record
SF:lib/core/x509_spki.dart
DA:21,2
DA:22,2
DA:23,4
DA:26,4
DA:27,4
DA:30,2
DA:31,4
DA:32,4
DA:35,4
DA:36,4
DA:38,2
DA:39,4
DA:42,6
DA:48,2
DA:55,2
DA:56,4
DA:59,2
DA:62,2
DA:64,6
DA:67,4
DA:68,4
DA:69,4
DA:70,2
DA:71,8
DA:75,4
DA:76,8
DA:80,2
DA:81,4
DA:84,2
LF:29
LH:29
end_of_record
SF:lib/features/auth/data/auth_api.dart
DA:13,1
DA:14,1
DA:16,2
DA:17,1
DA:18,1
DA:19,1
DA:20,1
DA:22,1
DA:23,1
DA:38,3
DA:44,2
DA:48,4
DA:50,2
DA:56,2
DA:58,2
DA:59,2
DA:60,6
DA:66,3
DA:70,6
DA:72,3
DA:77,3
DA:78,3
DA:79,9
DA:84,2
DA:85,4
DA:87,2
DA:97,3
DA:98,3
DA:99,3
DA:100,3
DA:101,6
DA:102,3
DA:103,6
DA:147,2
DA:152,2
DA:153,2
DA:156,4
DA:163,2
DA:167,4
DA:169,2
DA:171,2
DA:172,2
DA:173,6
DA:180,2
DA:181,4
DA:183,6
DA:185,2
DA:186,2
DA:187,2
DA:188,4
DA:195,3
DA:197,6
DA:198,6
DA:199,3
DA:200,3
DA:201,9
DA:202,9
DA:203,3
DA:210,3
DA:211,3
LF:60
LH:60
end_of_record
SF:lib/features/auth/data/auth_models.dart
DA:27,3
DA:32,3
DA:33,3
DA:36,6
DA:37,6
DA:38,3
DA:40,3
DA:41,6
DA:42,3
LF:9
LH:9
end_of_record
SF:lib/features/auth/data/native_loopback_io.dart
DA:7,1
DA:8,2
DA:10,1
DA:12,1
LF:4
LH:4
end_of_record
SF:lib/features/auth/data/pkce.dart
DA:15,2
DA:16,2
DA:17,6
DA:18,4
DA:19,8
DA:20,2
LF:6
LH:6
end_of_record
SF:lib/features/auth/state/login_messages.dart
DA:9,1
DA:10,1
DA:12,2
DA:17,2
DA:20,2
DA:23,0
DA:32,1
DA:34,3
DA:35,1
DA:36,2
LF:10
LH:9
end_of_record
SF:lib/features/vpn/data/control_probe.dart
DA:26,0
DA:27,0
DA:29,0
DA:31,0
DA:32,0
DA:39,0
DA:40,0
DA:42,0
DA:45,0
DA:46,0
DA:49,0
DA:52,0
DA:59,1
DA:60,1
DA:61,2
DA:62,3
DA:64,1
DA:68,15
DA:69,0
LF:19
LH:6
end_of_record
SF:lib/features/vpn/data/network_monitor.dart
DA:26,1
DA:27,1
DA:31,1
DA:34,2
DA:35,1
DA:37,1
DA:42,1
DA:48,4
DA:50,1
DA:56,1
DA:57,4
DA:59,27
DA:60,0
LF:13
LH:12
end_of_record
SF:lib/features/vpn/data/gateway_probe.dart
DA:31,0
DA:35,0
DA:38,15
DA:47,6
DA:48,30
DA:49,12
DA:50,6
DA:52,2
DA:53,1
DA:60,1
DA:61,1
DA:62,1
DA:63,1
DA:77,2
DA:78,1
DA:79,2
DA:80,1
DA:82,1
DA:83,1
LF:19
LH:17
end_of_record
SF:lib/features/vpn/data/gateway_probe_io.dart
DA:10,1
DA:14,1
DA:15,0
DA:16,0
DA:17,0
DA:18,0
DA:19,0
DA:20,0
DA:21,0
DA:22,0
DA:23,0
DA:24,0
DA:25,0
DA:29,0
DA:35,0
LF:15
LH:2
end_of_record
SF:lib/features/vpn/data/helper_client.dart
DA:21,1
DA:26,0
DA:27,0
DA:33,2
DA:44,2
DA:45,4
DA:46,2
DA:47,2
DA:48,4
DA:49,2
DA:50,2
DA:51,2
DA:52,2
DA:53,4
DA:55,4
DA:56,4
DA:72,2
DA:73,0
DA:98,0
DA:101,4
DA:104,2
DA:105,2
DA:107,2
DA:108,2
DA:109,2
DA:110,10
DA:111,2
DA:118,2
DA:119,2
DA:122,2
DA:124,2
DA:127,2
DA:128,4
DA:129,2
DA:130,8
DA:131,2
DA:132,2
DA:134,4
DA:135,2
DA:138,2
DA:141,4
DA:142,1
DA:144,2
DA:147,4
DA:148,1
DA:149,2
DA:150,2
DA:151,1
DA:153,2
DA:154,2
DA:155,1
DA:157,4
LF:52
LH:48
end_of_record
SF:lib/features/vpn/data/helper_socket.dart
DA:13,3
DA:17,1
DA:18,2
LF:3
LH:3
end_of_record
SF:lib/features/vpn/data/helper_socket_io.dart
DA:7,2
DA:9,2
DA:17,1
DA:40,1
DA:41,1
DA:43,1
DA:47,1
DA:48,2
DA:50,2
DA:52,2
DA:56,3
DA:57,1
DA:59,1
DA:60,2
DA:61,1
DA:62,1
DA:63,2
DA:64,1
DA:65,1
DA:66,1
DA:68,1
DA:69,1
DA:71,1
DA:72,1
DA:74,0
DA:76,1
LF:26
LH:25
end_of_record
SF:lib/features/vpn/data/key_manager.dart
DA:14,0
DA:20,0
DA:21,0
DA:22,0
DA:23,0
DA:24,0
LF:6
LH:0
end_of_record
SF:lib/features/vpn/data/linux_tunnel_adapter.dart
DA:22,1
DA:23,0
DA:39,1
DA:40,1
DA:43,1
DA:46,1
DA:49,1
DA:51,1
DA:52,3
DA:53,1
DA:56,1
DA:62,3
DA:63,1
DA:66,1
DA:69,3
DA:70,0
DA:72,1
DA:73,0
DA:75,2
DA:78,3
DA:79,2
DA:81,2
DA:85,1
DA:88,4
DA:90,2
DA:95,1
DA:98,3
DA:99,1
DA:100,3
DA:102,0
DA:107,1
DA:110,3
DA:111,2
DA:113,0
DA:118,1
DA:121,3
DA:122,3
DA:123,3
DA:125,0
DA:130,1
DA:133,3
DA:134,1
DA:136,2
DA:142,1
DA:143,1
DA:144,1
DA:146,1
DA:149,0
LF:48
LH:41
end_of_record
SF:lib/features/vpn/data/tunnel_adapter.dart
DA:18,2
DA:20,4
DA:21,2
DA:31,2
DA:119,0
DA:122,8
DA:159,6
DA:160,12
DA:162,2
DA:164,4
DA:166,7
DA:168,7
DA:169,0
DA:170,0
DA:171,0
DA:172,0
DA:175,7
DA:177,7
DA:180,7
DA:182,0
DA:187,7
DA:193,7
DA:195,0
DA:198,7
DA:203,7
DA:206,8
DA:208,8
DA:211,16
DA:212,14
DA:214,2
DA:215,4
DA:218,2
DA:221,4
DA:222,2
DA:223,2
DA:224,2
DA:225,2
DA:229,2
DA:233,5
DA:235,5
DA:238,10
DA:239,1
DA:244,0
DA:247,1
DA:252,5
DA:254,5
DA:257,10
DA:258,1
DA:263,2
DA:266,0
DA:271,3
DA:273,3
DA:276,2
DA:278,1
DA:284,3
DA:285,3
DA:286,1
DA:287,1
DA:288,2
DA:294,6
DA:299,2
DA:303,2
DA:304,2
DA:306,2
DA:307,1
DA:308,1
DA:310,2
DA:315,4
DA:320,8
DA:322,16
DA:325,8
DA:326,8
DA:331,16
DA:340,0
DA:341,0
DA:342,0
DA:343,0
LF:77
LH:64
end_of_record
SF:lib/features/vpn/data/models.dart
DA:13,5
DA:14,10
DA:15,5
DA:16,2
DA:19,6
DA:20,12
DA:35,9
DA:36,9
DA:41,7
DA:53,5
DA:54,5
DA:59,7
DA:68,10
DA:71,18
DA:80,6
DA:93,6
DA:94,6
DA:96,18
LF:18
LH:18
end_of_record
SF:lib/features/vpn/data/models.g.dart
DA:9,18
DA:10,9
DA:11,9
DA:12,9
DA:13,9
DA:14,9
DA:15,18
DA:16,9
DA:17,9
DA:20,7
DA:21,7
DA:22,7
DA:23,7
DA:24,7
DA:25,7
DA:26,7
DA:27,7
DA:28,7
DA:29,7
DA:32,5
DA:33,5
DA:34,5
DA:35,5
DA:36,5
DA:37,10
DA:38,5
DA:39,5
DA:40,8
DA:43,0
DA:44,0
DA:45,0
DA:46,0
DA:47,0
DA:48,0
DA:49,0
DA:50,0
DA:51,0
DA:54,10
DA:55,5
DA:56,5
DA:57,5
DA:59,5
DA:60,15
DA:61,5
DA:65,0
DA:66,0
DA:67,0
DA:68,0
DA:69,0
DA:72,6
DA:73,6
DA:74,6
DA:75,6
DA:76,6
DA:77,6
DA:78,12
DA:79,12
DA:80,12
DA:83,0
DA:85,0
DA:86,0
DA:87,0
DA:88,0
DA:89,0
DA:90,0
DA:91,0
DA:92,0
LF:67
LH:44
end_of_record
SF:lib/features/vpn/data/platform_info.dart
DA:11,3
DA:14,3
DA:16,3
DA:17,3
DA:19,0
DA:21,0
DA:23,0
DA:25,0
DA:27,0
DA:41,8
DA:47,7
DA:48,16
DA:49,1
DA:50,1
LF:14
LH:9
end_of_record
SF:lib/features/vpn/data/wg_conf.dart
DA:23,8
DA:24,8
DA:25,11
DA:26,16
DA:29,8
DA:30,8
DA:31,10
DA:32,1
DA:34,8
DA:40,8
DA:41,16
DA:42,16
DA:43,2
DA:51,8
DA:52,48
DA:54,8
DA:63,16
DA:64,1
DA:66,16
DA:67,1
DA:69,16
DA:70,1
DA:72,16
DA:73,1
DA:75,16
DA:76,1
DA:83,8
DA:84,8
DA:85,8
DA:86,8
DA:87,8
DA:88,8
DA:89,8
DA:90,8
DA:91,8
DA:92,8
DA:97,8
DA:132,8
DA:138,8
DA:139,8
DA:140,8
DA:141,8
DA:142,16
DA:143,24
DA:145,8
DA:149,8
DA:150,16
DA:151,8
DA:152,8
DA:153,1
DA:154,1
DA:156,8
DA:157,8
DA:162,8
DA:170,8
DA:173,24
DA:174,8
DA:175,24
DA:177,8
DA:178,8
DA:179,8
DA:180,8
DA:183,8
DA:184,24
DA:185,8
DA:187,16
DA:188,8
DA:189,32
DA:190,24
DA:193,24
DA:195,8
DA:196,16
DA:197,24
DA:203,8
DA:208,16
DA:209,16
DA:211,24
DA:212,16
DA:213,24
DA:214,8
DA:215,8
DA:216,48
DA:217,8
DA:218,48
DA:221,8
DA:222,8
DA:223,16
DA:224,40
DA:225,0
DA:226,0
DA:229,8
DA:237,8
DA:238,8
DA:240,8
DA:241,16
DA:242,16
DA:243,16
DA:245,24
DA:246,8
DA:247,8
DA:249,32
DA:250,8
LF:102
LH:100
end_of_record
SF:lib/features/vpn/domain/diagnosis_policy.dart
DA:34,4
DA:40,4
DA:45,8
LF:3
LH:3
end_of_record
SF:lib/features/vpn/domain/failover_policy.dart
DA:26,4
DA:36,4
DA:37,4
DA:38,1
DA:39,1
DA:61,4
DA:71,4
DA:72,4
DA:73,2
DA:74,2
DA:91,4
DA:99,4
DA:112,4
DA:119,4
DA:120,4
DA:133,2
DA:141,4
DA:142,2
DA:143,4
DA:144,4
DA:145,3
DA:149,4
DA:150,0
DA:157,2
LF:24
LH:23
end_of_record
SF:lib/features/vpn/domain/region_policy.dart
DA:6,18
DA:9,4
DA:11,4
DA:12,7
DA:13,3
DA:14,3
DA:15,3
DA:27,3
DA:28,3
DA:29,3
DA:31,1
DA:32,1
DA:33,3
DA:34,3
DA:35,2
DA:36,1
DA:37,3
DA:38,3
DA:41,1
DA:42,7
LF:20
LH:20
end_of_record
SF:lib/features/vpn/domain/tunnel_policy.dart
DA:10,6
DA:11,6
DA:12,6
DA:13,6
DA:20,2
DA:21,2
DA:22,2
DA:23,2
DA:24,2
DA:25,2
DA:33,12
DA:38,12
DA:40,5
DA:41,5
DA:42,3
DA:43,3
DA:44,2
DA:46,5
DA:47,5
DA:48,5
DA:49,5
DA:50,5
DA:52,6
DA:59,11
DA:60,5
DA:61,5
DA:62,10
DA:63,5
DA:64,5
DA:65,10
DA:74,6
DA:75,6
DA:76,5
DA:77,5
DA:78,5
DA:79,2
DA:82,6
DA:83,21
DA:84,1
DA:85,2
DA:86,1
DA:91,6
DA:98,2
DA:99,2
DA:100,3
DA:102,4
DA:104,8
DA:105,2
DA:106,2
DA:108,6
DA:113,1
DA:114,1
DA:132,6
DA:143,10
DA:148,8
LF:55
LH:55
end_of_record
SF:lib/features/vpn/state/cold_restore_watch.dart
DA:23,7
DA:24,7
DA:25,7
DA:31,2
DA:32,2
DA:33,3
LF:6
LH:6
end_of_record
SF:lib/features/vpn/state/polling_service.dart
DA:17,12
DA:82,8
DA:88,8
DA:90,16
DA:91,8
DA:92,3
DA:95,16
DA:96,8
DA:97,3
DA:99,16
DA:100,10
DA:101,3
DA:109,1
DA:114,1
DA:115,1
DA:117,1
DA:119,1
DA:121,1
DA:131,9
DA:132,17
DA:133,9
DA:134,17
DA:135,9
DA:136,17
DA:137,9
DA:140,1
DA:141,3
LF:27
LH:27
end_of_record
SF:lib/features/vpn/ui/home/backend_banner.dart
DA:14,1
DA:16,2
DA:18,10
DA:19,3
DA:22,6
DA:23,2
DA:25,1
DA:26,1
DA:28,1
DA:30,1
DA:31,1
DA:32,1
DA:33,1
DA:35,1
DA:36,1
LF:15
LH:15
end_of_record
SF:lib/features/vpn/ui/home/health_banner.dart
DA:9,1
DA:11,2
DA:13,2
DA:14,4
DA:15,7
DA:18,0
DA:19,0
DA:21,0
DA:24,0
DA:25,0
DA:26,0
DA:28,0
LF:12
LH:5
end_of_record
SF:lib/features/vpn/ui/home/power_button.dart
DA:19,1
DA:21,2
DA:23,2
DA:24,10
DA:25,6
DA:26,2
DA:27,2
DA:28,3
DA:35,8
DA:38,3
DA:40,1
DA:41,2
DA:42,2
DA:43,2
DA:45,2
DA:47,2
DA:48,2
DA:53,2
DA:54,2
DA:57,2
DA:58,2
DA:63,1
DA:64,4
DA:66,1
DA:67,4
DA:69,4
DA:73,0
DA:74,2
DA:76,2
DA:77,2
DA:81,2
DA:85,2
DA:86,0
DA:88,6
DA:90,2
DA:103,0
DA:104,0
LF:37
LH:33
end_of_record
SF:lib/features/vpn/ui/home/status_header.dart
DA:14,1
DA:19,0
DA:25,0
DA:26,0
DA:27,0
DA:28,0
DA:31,2
DA:38,1
DA:39,1
DA:41,0
DA:43,2
DA:44,1
DA:46,2
DA:49,2
DA:51,2
DA:52,4
DA:53,2
DA:54,4
DA:55,10
DA:62,2
DA:63,3
DA:64,2
DA:65,2
DA:67,2
DA:69,2
DA:70,2
DA:74,2
DA:75,2
DA:77,2
DA:78,2
DA:82,1
DA:83,4
DA:87,2
DA:89,4
DA:96,3
DA:98,1
DA:101,1
DA:102,1
DA:106,1
DA:108,1
DA:109,4
DA:111,2
DA:114,0
DA:116,0
DA:117,0
DA:120,0
DA:121,0
DA:124,0
LF:48
LH:36
end_of_record
SF:lib/features/vpn/ui/home/traffic_card.dart
DA:13,1
DA:15,2
DA:17,2
DA:18,2
DA:19,12
DA:24,2
DA:25,2
DA:31,1
DA:32,1
DA:33,1
DA:35,1
DA:37,1
DA:38,1
DA:39,1
DA:40,1
DA:41,1
DA:43,1
DA:45,1
DA:46,1
DA:47,1
DA:48,2
DA:51,1
DA:52,1
DA:54,2
LF:24
LH:24
end_of_record
SF:lib/features/vpn/ui/regions/region_search_field.dart
DA:8,2
DA:17,2
DA:19,2
DA:20,2
DA:22,2
DA:23,2
DA:24,2
DA:25,2
DA:28,0
LF:9
LH:8
end_of_record
SF:lib/features/vpn/ui/regions/region_tiles.dart
DA:8,2
DA:21,2
DA:23,2
DA:24,2
DA:26,4
DA:27,2
DA:28,2
DA:29,1
DA:30,3
DA:32,4
DA:33,2
DA:34,3
DA:42,1
DA:57,1
DA:59,1
DA:60,1
DA:61,3
DA:62,1
DA:63,2
DA:64,5
DA:65,0
DA:67,3
DA:68,1
DA:69,2
DA:70,1
DA:71,2
DA:72,1
DA:73,4
DA:75,1
DA:76,3
DA:77,3
DA:78,1
LF:32
LH:31
end_of_record
SF:lib/features/vpn/ui/regions/switch_feedback.dart
DA:10,1
DA:11,2
DA:12,3
DA:13,1
DA:14,4
LF:5
LH:5
end_of_record
SF:lib/features/vpn/ui/settings/account_section.dart
DA:15,1
DA:17,2
DA:19,2
DA:20,4
DA:21,4
DA:24,2
DA:25,2
DA:28,2
DA:29,2
DA:30,4
DA:31,6
DA:34,2
DA:35,2
DA:37,1
DA:41,4
DA:43,1
DA:45,4
DA:47,4
LF:18
LH:18
end_of_record
SF:lib/features/vpn/ui/settings/device_name_section.dart
DA:13,1
DA:15,2
DA:16,2
DA:22,2
DA:24,2
DA:25,2
DA:26,12
DA:27,2
DA:30,0
DA:31,0
DA:33,0
DA:36,0
DA:40,2
DA:42,4
DA:43,2
DA:46,0
DA:47,0
DA:48,0
DA:49,0
DA:52,2
DA:54,2
DA:55,2
DA:58,2
DA:59,4
DA:60,2
DA:61,2
DA:62,4
DA:65,2
DA:66,0
DA:67,0
DA:68,0
DA:69,0
DA:72,0
DA:73,0
DA:75,4
LF:35
LH:21
end_of_record
SF:lib/features/vpn/ui/settings/diagnostics_footer.dart
DA:20,1
DA:22,2
DA:24,2
DA:27,2
DA:28,4
DA:29,2
DA:30,2
DA:31,2
DA:32,2
DA:33,2
DA:34,2
DA:35,2
DA:39,2
DA:41,2
DA:43,2
DA:44,0
DA:45,0
DA:49,1
DA:50,1
DA:51,1
DA:55,2
DA:58,2
DA:59,2
DA:60,2
DA:61,6
DA:62,6
DA:65,2
DA:66,2
DA:67,6
DA:70,4
DA:71,0
DA:72,0
DA:74,0
DA:75,0
DA:76,0
DA:77,0
DA:79,0
DA:80,0
DA:81,0
LF:39
LH:28
end_of_record
SF:lib/features/vpn/ui/settings/forget_device_button.dart
DA:10,1
DA:12,2
DA:14,2
DA:15,2
DA:16,1
DA:17,1
DA:19,2
DA:20,2
DA:21,2
DA:22,1
DA:23,1
DA:24,0
DA:25,2
DA:27,1
DA:28,3
DA:29,2
DA:34,1
DA:35,4
DA:36,1
DA:37,1
DA:38,4
DA:40,4
LF:22
LH:21
end_of_record
SF:lib/features/vpn/ui/settings/lan_switch_tile.dart
DA:10,1
DA:12,2
DA:14,4
DA:15,2
DA:16,10
DA:18,2
DA:24,2
DA:25,2
DA:26,4
DA:27,2
DA:32,2
DA:33,4
DA:34,2
DA:41,2
DA:42,1
DA:43,1
DA:45,3
DA:48,4
DA:49,4
DA:50,4
DA:52,1
DA:55,1
DA:56,4
DA:57,1
DA:58,1
DA:59,1
DA:61,0
DA:62,1
LF:28
LH:27
end_of_record
SF:lib/l10n/gen/app_localizations_de.dart
DA:10,0
DA:12,0
DA:15,0
DA:18,0
DA:21,0
DA:24,0
DA:27,0
DA:29,0
DA:32,0
DA:35,0
DA:38,0
DA:41,0
DA:43,0
DA:46,0
DA:48,0
DA:51,0
DA:54,0
DA:57,0
DA:60,0
DA:63,0
DA:66,0
DA:70,0
DA:73,0
DA:75,0
DA:78,0
DA:80,0
DA:83,0
DA:85,0
DA:88,0
DA:91,0
DA:95,0
DA:98,0
DA:101,0
DA:104,0
DA:107,0
DA:110,0
DA:113,0
DA:116,0
DA:119,0
DA:122,0
DA:126,0
DA:129,0
DA:132,0
DA:135,0
DA:137,0
DA:140,0
DA:143,0
DA:145,0
DA:147,0
DA:148,0
DA:151,0
DA:153,0
DA:154,0
DA:157,0
DA:160,0
DA:162,0
DA:164,0
DA:165,0
DA:168,0
DA:171,0
DA:174,0
DA:177,0
DA:179,0
DA:182,0
DA:184,0
DA:187,0
DA:190,0
DA:193,0
DA:197,0
DA:200,0
DA:203,0
DA:206,0
DA:209,0
DA:212,0
DA:216,0
DA:219,0
DA:222,0
DA:226,0
DA:229,0
DA:233,0
DA:236,0
DA:240,0
DA:244,0
DA:248,0
DA:251,0
DA:255,0
DA:258,0
DA:261,0
DA:263,0
DA:266,0
DA:268,0
DA:271,0
DA:273,0
LF:93
LH:0
end_of_record
SF:lib/l10n/gen/app_localizations_en.dart
DA:10,4
DA:12,2
DA:15,2
DA:18,2
DA:21,2
DA:24,0
DA:27,1
DA:29,1
DA:32,2
DA:35,1
DA:38,0
DA:41,0
DA:43,0
DA:46,0
DA:48,0
DA:51,2
DA:54,1
DA:57,2
DA:60,1
DA:63,0
DA:66,1
DA:70,1
DA:73,1
DA:75,1
DA:78,1
DA:80,1
DA:83,1
DA:85,1
DA:88,1
DA:91,0
DA:94,1
DA:97,1
DA:100,1
DA:103,1
DA:106,0
DA:109,1
DA:112,1
DA:115,1
DA:118,2
DA:121,1
DA:125,1
DA:128,2
DA:131,1
DA:134,1
DA:136,1
DA:139,1
DA:142,1
DA:144,1
DA:146,1
DA:147,1
DA:150,1
DA:152,1
DA:153,1
DA:156,1
DA:159,1
DA:161,1
DA:163,1
DA:164,1
DA:167,1
DA:170,0
DA:173,2
DA:176,1
DA:178,1
DA:181,2
DA:183,2
DA:186,0
DA:189,2
DA:192,2
DA:196,2
DA:199,0
DA:202,0
DA:205,2
DA:208,1
DA:211,1
DA:215,1
DA:218,1
DA:221,1
DA:225,2
DA:228,0
DA:232,2
DA:235,2
DA:239,0
DA:243,1
DA:247,2
DA:250,1
DA:253,2
DA:256,2
DA:259,0
DA:261,0
DA:264,2
DA:266,2
DA:269,2
DA:271,2
LF:93
LH:76
end_of_record
