SF:lib/core/dio_client.dart
DA:15,2
DA:17,4
DA:22,1
DA:23,1
DA:24,3
DA:25,3
DA:26,1
DA:35,2
DA:36,1
DA:37,2
DA:38,1
DA:39,0
DA:47,1
DA:48,4
DA:57,1
DA:62,1
DA:63,2
DA:64,4
DA:65,4
DA:72,3
DA:73,0
DA:76,1
DA:77,3
DA:80,0
DA:81,0
DA:82,0
DA:83,0
DA:84,0
DA:85,0
DA:87,0
DA:88,0
DA:89,0
DA:90,0
DA:91,0
DA:92,0
DA:93,0
DA:96,0
DA:109,1
DA:111,1
DA:112,1
DA:113,1
DA:115,2
DA:117,1
DA:119,3
DA:120,1
DA:144,1
DA:145,1
DA:147,1
DA:149,1
DA:150,1
DA:154,3
DA:156,2
DA:159,2
DA:161,1
DA:164,2
DA:165,2
DA:166,2
DA:167,2
DA:170,1
DA:172,1
DA:174,3
DA:176,1
DA:177,2
DA:179,2
DA:180,2
DA:181,2
DA:182,2
DA:188,1
DA:189,2
DA:190,1
DA:191,0
DA:201,1
DA:202,2
DA:203,0
DA:205,1
DA:206,1
DA:207,1
DA:210,1
DA:213,1
DA:221,0
DA:222,0
DA:223,0
DA:234,0
DA:238,0
DA:240,0
DA:241,0
DA:242,0
DA:243,0
DA:244,0
DA:245,0
DA:246,0
DA:248,0
DA:250,0
DA:251,0
DA:252,0
DA:254,0
DA:255,0
DA:256,0
DA:257,0
DA:260,0
DA:261,0
DA:262,0
DA:266,0
DA:278,2
DA:279,4
DA:280,4
DA:281,4
DA:287,4
DA:298,9
DA:299,27
DA:300,9
DA:311,6
DA:312,6
DA:313,6
DA:314,12
DA:315,6
DA:316,5
DA:317,10
DA:318,10
DA:319,10
DA:320,10
LF:121
LH:79
end_of_record
SF:lib/core/errors.dart
DA:32,7
DA:40,8
DA:41,8
DA:48,1
DA:49,2
DA:59,1
DA:60,2
DA:61,1
DA:62,1
DA:63,1
DA:64,1
DA:75,1
DA:80,1
DA:81,1
DA:84,1
DA:89,1
DA:90,2
DA:101,1
DA:102,1
DA:113,1
DA:119,1
DA:120,1
DA:121,1
DA:126,0
DA:127,1
DA:132,2
DA:138,1
DA:140,1
DA:141,1
DA:146,1
DA:149,1
DA:156,1
DA:157,1
DA:159,1
DA:162,1
DA:167,2
DA:170,1
DA:176,1
DA:177,1
DA:180,1
DA:181,1
LF:41
LH:40
end_of_record
SF:lib/features/vpn/data/tunnel_adapter.dart
DA:19,3
DA:20,6
DA:30,2
DA:117,0
DA:120,12
DA:143,7
DA:144,14
DA:146,3
DA:148,6
DA:150,11
DA:152,11
DA:153,0
DA:154,0
DA:155,0
DA:156,0
DA:159,11
DA:161,11
DA:164,11
DA:166,0
DA:171,11
DA:177,11
DA:179,0
DA:182,11
DA:187,11
DA:190,11
DA:192,11
DA:195,22
DA:196,20
DA:198,2
DA:199,4
DA:202,2
DA:205,4
DA:206,2
DA:207,2
DA:208,2
DA:209,2
DA:213,2
DA:217,6
DA:219,6
DA:222,12
DA:223,1
DA:228,0
DA:231,1
DA:236,5
DA:238,5
DA:241,10
DA:242,1
DA:247,2
DA:250,0
DA:255,4
DA:257,4
DA:260,2
DA:262,1
DA:268,4
DA:269,4
DA:270,1
DA:271,1
DA:272,2
DA:278,2
DA:283,2
DA:287,2
DA:288,2
DA:290,2
DA:291,1
DA:292,1
DA:294,2
DA:299,2
DA:304,11
DA:306,22
DA:309,11
DA:310,11
DA:315,2
DA:324,3
DA:325,0
DA:326,0
DA:327,0
LF:76
LH:64
end_of_record
SF:lib/core/env.dart
DA:10,9
DA:11,9
DA:12,9
DA:13,3
DA:26,16
DA:63,5
DA:64,25
DA:65,15
LF:8
LH:8
end_of_record
SF:lib/core/log.dart
DA:9,0
DA:11,17
DA:12,51
DA:15,16
DA:17,64
DA:25,13
DA:27,13
DA:28,26
DA:29,10
LF:9
LH:8
end_of_record
SF:lib/core/tls_pinning_io.dart
DA:15,1
DA:16,1
DA:17,1
DA:18,2
DA:22,1
DA:23,4
DA:29,1
LF:7
LH:7
end_of_record
SF:lib/core/x509_spki.dart
DA:21,2
DA:22,2
DA:23,4
DA:26,4
DA:27,4
DA:30,2
DA:31,4
DA:32,4
DA:35,4
DA:36,4
DA:38,2
DA:39,4
DA:42,6
DA:48,2
DA:55,2
DA:56,4
DA:59,2
DA:62,2
DA:64,6
DA:67,4
DA:68,4
DA:69,4
DA:70,2
DA:71,8
DA:75,4
DA:76,8
DA:80,2
DA:81,4
DA:84,2
LF:29
LH:29
end_of_record
SF:lib/features/vpn/data/helper_client.dart
DA:26,0
DA:28,3
DA:29,12
DA:45,1
DA:50,0
DA:51,0
DA:57,3
DA:68,3
DA:69,3
DA:70,3
DA:71,3
DA:72,3
DA:73,3
DA:74,3
DA:78,3
DA:79,3
DA:80,3
DA:81,3
DA:82,3
DA:83,3
DA:84,1
DA:86,3
DA:87,3
DA:88,6
DA:89,0
DA:91,3
DA:92,3
DA:98,3
DA:99,4
DA:101,3
DA:102,3
DA:118,3
DA:119,0
DA:128,2
DA:155,0
DA:158,3
DA:159,3
DA:162,3
DA:163,3
DA:164,3
DA:166,2
DA:167,2
DA:168,0
DA:172,3
DA:173,3
DA:174,3
DA:175,3
DA:176,15
DA:177,3
DA:178,3
DA:179,3
DA:186,0
DA:191,0
DA:192,0
DA:193,0
DA:198,3
DA:199,3
DA:200,3
DA:201,6
DA:210,6
DA:211,3
DA:212,6
DA:215,3
DA:220,3
DA:221,3
DA:224,9
DA:225,3
DA:226,15
DA:227,6
DA:230,3
DA:231,3
DA:232,0
DA:235,3
DA:236,6
DA:240,3
DA:241,3
DA:242,6
DA:243,4
DA:248,3
DA:249,0
DA:250,0
DA:251,0
DA:252,0
DA:259,0
DA:260,0
DA:261,0
DA:262,0
DA:266,6
DA:267,0
DA:269,3
DA:270,3
DA:276,3
DA:277,1
DA:278,10
DA:281,3
DA:287,9
DA:288,3
DA:289,3
DA:290,3
DA:291,3
DA:292,3
DA:293,3
DA:294,3
DA:299,3
DA:300,3
DA:305,1
DA:312,3
DA:314,3
DA:315,3
DA:316,3
DA:319,2
DA:325,12
DA:326,1
DA:328,2
DA:331,6
DA:332,1
DA:333,1
DA:334,1
DA:338,3
DA:339,3
DA:340,1
DA:344,1
DA:345,1
DA:346,0
DA:348,1
DA:349,1
DA:350,2
DA:351,1
DA:353,1
DA:354,1
DA:356,1
DA:359,3
DA:360,1
DA:362,3
DA:363,3
DA:364,1
DA:366,6
DA:367,6
DA:374,3
DA:376,1
DA:377,0
DA:381,1
DA:383,2
DA:384,0
DA:386,2
DA:387,1
DA:388,1
DA:389,2
DA:390,1
DA:391,1
DA:393,1
DA:395,1
LF:152
LH:128
end_of_record
SF:lib/features/vpn/data/helper_socket.dart
DA:17,4
DA:21,2
DA:22,4
LF:3
LH:3
end_of_record
SF:lib/features/vpn/data/helper_socket_io.dart
DA:11,2
DA:13,1
DA:14,1
DA:15,1
DA:24,1
DA:48,1
DA:49,1
DA:51,1
DA:53,1
DA:55,0
DA:59,0
DA:61,1
DA:65,2
DA:66,1
DA:69,0
DA:70,0
DA:71,0
DA:76,1
DA:77,2
DA:79,2
DA:82,2
DA:86,3
DA:87,3
DA:89,1
DA:90,2
DA:91,1
DA:92,1
DA:93,3
DA:94,1
DA:95,1
DA:96,1
DA:98,1
DA:99,1
DA:101,1
DA:102,1
DA:104,0
DA:109,1
DA:122,1
DA:130,0
DA:131,0
DA:133,1
DA:135,1
DA:137,1
DA:141,1
DA:143,1
DA:150,1
DA:151,1
DA:152,1
DA:153,1
DA:155,2
DA:156,1
DA:157,1
DA:158,0
DA:159,0
DA:160,0
DA:164,0
DA:169,1
DA:170,0
DA:171,0
DA:173,1
DA:174,1
DA:176,1
LF:62
LH:48
end_of_record
SF:lib/features/vpn/data/helper_tunnel_adapter.dart
DA:25,2
DA:26,0
DA:31,2
DA:32,2
DA:35,2
DA:38,1
DA:41,2
DA:43,2
DA:44,4
DA:45,2
DA:48,2
DA:54,4
DA:55,2
DA:58,2
DA:61,4
DA:62,2
DA:64,2
DA:65,0
DA:67,4
DA:70,4
DA:71,2
DA:73,4
DA:77,2
DA:80,2
DA:81,4
DA:84,4
DA:89,2
DA:92,4
DA:93,2
DA:94,6
DA:96,2
DA:101,2
DA:104,4
DA:105,3
DA:107,0
DA:112,2
DA:115,4
DA:116,4
DA:117,3
DA:119,0
DA:124,2
DA:127,4
DA:128,2
DA:130,4
DA:136,2
DA:137,2
DA:138,2
DA:140,2
DA:143,1
LF:49
LH:45
end_of_record
SF:lib/core/theme.dart
DA:8,2
DA:16,0
DA:18,0
DA:19,0
DA:20,0
DA:23,1
DA:25,1
DA:26,1
DA:27,3
DA:28,3
DA:47,2
DA:48,4
DA:54,9
DA:60,9
LF:14
LH:10
end_of_record
SF:lib/core/locale.dart
DA:8,3
DA:10,6
DA:11,9
LF:3
LH:3
end_of_record
SF:lib/features/vpn/data/platform_info.dart
DA:11,4
DA:14,4
DA:16,4
DA:17,4
DA:19,0
DA:21,0
DA:23,0
DA:25,0
DA:27,0
DA:41,13
DA:47,12
DA:48,26
DA:49,1
DA:50,1
LF:14
LH:9
end_of_record
SF:lib/core/mutex.dart
DA:19,26
DA:23,13
DA:24,13
DA:25,13
DA:27,26
DA:29,13
DA:32,39
DA:33,13
DA:36,13
DA:37,10
DA:38,10
LF:11
LH:11
end_of_record
SF:lib/core/desktop/tray_menu.dart
DA:15,2
DA:19,1
DA:40,2
DA:58,1
DA:74,2
DA:76,2
DA:77,6
DA:78,6
DA:79,6
DA:80,6
DA:81,6
DA:82,6
DA:84,1
DA:86,7
DA:96,2
DA:103,2
DA:105,4
DA:107,4
DA:110,4
DA:112,2
DA:115,2
DA:117,2
DA:120,2
DA:121,4
DA:123,2
DA:124,2
LF:26
LH:26
end_of_record
SF:lib/features/vpn/data/control_probe.dart
DA:26,0
DA:27,0
DA:29,0
DA:31,0
DA:32,0
DA:39,0
DA:40,0
DA:42,0
DA:45,0
DA:46,0
DA:49,0
DA:52,0
DA:59,1
DA:60,1
DA:61,2
DA:62,3
DA:64,1
DA:68,21
DA:69,0
LF:19
LH:6
end_of_record
SF:lib/features/vpn/data/device_store.dart
DA:42,13
DA:44,9
DA:45,3
DA:51,3
DA:52,2
DA:53,2
DA:54,2
DA:55,2
DA:56,2
DA:57,2
DA:58,2
DA:59,2
DA:60,2
DA:63,1
DA:64,2
DA:67,1
DA:68,1
DA:70,1
DA:71,1
DA:80,2
DA:81,2
DA:82,1
DA:85,2
DA:87,2
DA:90,3
DA:91,0
DA:92,0
DA:97,3
DA:98,1
DA:99,2
DA:100,3
DA:101,2
DA:102,2
DA:109,3
DA:110,1
DA:111,2
DA:120,1
DA:122,2
DA:123,2
DA:124,2
DA:125,2
DA:128,1
DA:129,1
DA:130,2
DA:134,2
DA:139,4
DA:141,4
DA:142,4
DA:144,4
DA:145,4
DA:146,4
DA:150,3
DA:151,0
DA:152,0
DA:153,0
DA:158,1
DA:159,2
DA:160,1
DA:163,1
DA:164,2
DA:168,46
LF:61
LH:56
end_of_record
SF:lib/features/vpn/data/gateway_probe.dart
DA:31,0
DA:35,0
DA:38,27
DA:47,7
DA:48,35
DA:49,14
DA:50,7
DA:52,2
DA:53,1
DA:60,1
DA:61,1
DA:62,1
DA:63,1
DA:77,2
DA:78,1
DA:79,2
DA:80,1
DA:82,1
DA:83,1
LF:19
LH:17
end_of_record
SF:lib/features/vpn/data/network_monitor.dart
DA:26,1
DA:27,1
DA:31,1
DA:34,2
DA:35,1
DA:37,1
DA:42,1
DA:48,4
DA:50,1
DA:56,1
DA:57,4
DA:59,42
DA:60,0
LF:13
LH:12
end_of_record
SF:lib/features/vpn/data/vpn_api.dart
DA:18,14
DA:20,5
DA:21,10
DA:25,5
DA:26,15
DA:27,5
DA:30,3
DA:38,6
DA:40,3
DA:41,3
DA:42,3
DA:43,3
DA:44,0
DA:45,1
DA:47,6
DA:49,6
DA:52,13
DA:53,26
DA:54,13
DA:57,26
DA:60,5
DA:67,10
DA:68,5
DA:69,5
DA:70,5
DA:71,3
DA:72,1
DA:76,10
DA:79,5
DA:87,5
DA:88,1
DA:90,10
DA:91,5
DA:92,5
DA:93,5
DA:94,5
DA:95,1
DA:99,10
DA:104,3
DA:109,6
DA:110,3
DA:111,3
DA:114,6
DA:120,8
DA:121,16
DA:122,8
DA:124,14
DA:129,6
DA:130,18
DA:137,2
DA:138,6
LF:51
LH:50
end_of_record
SF:lib/features/vpn/state/vpn_providers.dart
DA:21,1
DA:22,1
DA:23,2
DA:35,7
DA:36,2
DA:38,1
DA:39,1
DA:42,1
LF:8
LH:8
end_of_record
SF:lib/core/clock.dart
DA:14,1
DA:16,11
DA:17,11
LF:3
LH:3
end_of_record
SF:lib/features/vpn/data/key_manager.dart
DA:14,1
DA:20,0
DA:21,0
DA:22,0
DA:23,0
DA:24,0
LF:6
LH:1
end_of_record
SF:lib/core/ip.dart
DA:8,14
DA:9,14
DA:10,32
DA:11,14
DA:12,28
DA:13,14
DA:14,30
DA:15,42
DA:21,13
DA:22,13
DA:24,91
DA:26,13
DA:31,14
DA:32,14
DA:33,14
DA:34,14
DA:35,14
DA:36,28
DA:37,54
DA:38,32
DA:39,56
DA:40,0
DA:42,14
DA:44,70
DA:45,14
DA:48,0
DA:49,0
DA:51,14
DA:52,28
DA:54,28
DA:55,0
DA:56,28
DA:57,42
DA:64,13
DA:65,13
DA:67,91
DA:69,13
DA:71,13
DA:73,26
DA:74,39
DA:75,13
DA:79,13
DA:82,13
DA:86,13
DA:90,13
DA:91,0
DA:94,13
DA:95,39
DA:96,13
DA:98,26
DA:99,13
DA:100,13
DA:101,26
DA:102,26
DA:106,7
DA:108,7
DA:110,1
DA:116,1
DA:118,1
DA:120,0
DA:128,7
DA:129,10
DA:130,7
DA:131,8
DA:132,7
DA:136,1
DA:137,4
DA:142,7
DA:143,7
DA:144,7
DA:145,7
DA:146,1
DA:147,1
DA:148,1
DA:149,1
DA:151,7
DA:152,14
DA:153,7
DA:154,14
DA:155,7
DA:156,14
DA:157,7
DA:159,14
DA:160,4
DA:161,6
LF:85
LH:79
end_of_record
SF:lib/features/auth/data/auth_api.dart
DA:13,1
DA:14,1
DA:16,2
DA:17,1
DA:18,1
DA:19,1
DA:20,1
DA:22,1
DA:23,1
DA:38,3
DA:44,2
DA:48,4
DA:50,2
DA:56,2
DA:58,2
DA:59,2
DA:60,6
DA:66,3
DA:70,6
DA:72,3
DA:77,3
DA:78,3
DA:79,9
DA:84,2
DA:85,4
DA:87,2
DA:97,3
DA:98,3
DA:99,3
DA:100,3
DA:101,6
DA:102,3
DA:103,6
DA:147,2
DA:152,2
DA:153,2
DA:156,4
DA:163,2
DA:167,4
DA:169,2
DA:171,2
DA:172,2
DA:173,6
DA:180,2
DA:181,4
DA:183,6
DA:185,2
DA:186,2
DA:187,2
DA:188,4
DA:195,3
DA:197,6
DA:198,6
DA:199,3
DA:200,3
DA:201,9
DA:202,9
DA:203,3
DA:210,3
DA:211,3
LF:60
LH:60
end_of_record
SF:lib/features/auth/data/auth_models.dart
DA:27,3
DA:32,3
DA:33,3
DA:36,6
DA:37,6
DA:38,3
DA:40,3
DA:41,6
DA:42,3
LF:9
LH:9
end_of_record
SF:lib/features/auth/data/native_loopback_io.dart
DA:7,1
DA:8,2
DA:10,1
DA:12,1
LF:4
LH:4
end_of_record
SF:lib/features/auth/data/pkce.dart
DA:15,2
DA:16,2
DA:17,6
DA:18,4
DA:19,8
DA:20,2
LF:6
LH:6
end_of_record
SF:lib/features/auth/data/session_store.dart
DA:21,4
DA:23,13
DA:27,26
DA:32,1
DA:33,1
DA:34,3
DA:36,1
DA:37,1
DA:40,1
DA:41,1
DA:50,26
DA:54,26
DA:56,26
DA:58,26
DA:62,1
DA:67,2
DA:69,2
DA:70,1
DA:71,3
DA:72,1
DA:73,1
DA:77,3
DA:83,57
LF:23
LH:23
end_of_record
SF:lib/features/auth/state/auth_providers.dart
DA:27,6
DA:37,3
DA:38,0
DA:39,0
DA:43,0
DA:53,6
DA:55,0
DA:56,0
DA:59,0
DA:60,0
DA:78,52
DA:79,8
DA:92,4
DA:93,4
DA:96,4
DA:98,13
DA:100,54
DA:101,13
DA:105,2
DA:106,4
DA:107,1
DA:111,2
DA:112,1
DA:113,4
DA:115,1
DA:118,2
DA:124,3
DA:126,1
DA:129,2
DA:130,1
DA:131,1
DA:132,1
DA:135,2
DA:136,2
DA:137,2
DA:138,2
DA:139,1
DA:142,3
DA:143,2
DA:144,2
DA:145,2
DA:146,3
DA:157,1
DA:158,2
DA:159,1
DA:160,4
DA:165,1
DA:167,4
DA:168,1
DA:173,2
DA:174,4
DA:184,2
DA:188,2
DA:190,2
DA:191,2
DA:192,4
DA:195,1
DA:196,1
DA:199,2
DA:200,2
DA:201,2
DA:202,2
DA:206,2
DA:212,3
DA:215,0
DA:217,2
DA:218,1
DA:219,1
DA:220,1
DA:223,2
DA:224,2
DA:225,2
DA:226,2
DA:227,1
DA:229,1
DA:232,1
DA:233,2
DA:234,2
DA:235,2
DA:236,2
DA:239,0
DA:240,0
DA:241,0
DA:242,0
DA:243,0
DA:251,2
DA:252,2
DA:254,2
DA:255,2
DA:256,2
DA:257,4
DA:258,4
DA:269,1
DA:270,4
DA:273,2
DA:275,0
DA:279,1
DA:280,1
DA:281,1
DA:286,1
DA:287,2
DA:288,1
DA:289,4
DA:291,3
DA:292,3
DA:294,2
DA:296,0
DA:299,1
DA:304,54
LF:109
LH:94
end_of_record
SF:lib/features/auth/state/auth_session.dart
DA:12,13
DA:15,26
DA:16,26
DA:17,26
DA:18,26
DA:19,13
DA:21,2
DA:23,4
DA:24,4
DA:25,2
DA:29,2
DA:32,2
DA:33,2
DA:34,2
DA:42,0
DA:53,2
DA:54,2
DA:55,2
DA:58,2
DA:59,0
DA:63,4
DA:67,2
DA:73,4
DA:74,2
DA:75,2
DA:79,1
DA:80,2
DA:81,2
DA:82,1
DA:83,2
DA:84,1
DA:90,0
DA:93,0
DA:98,2
DA:102,2
DA:103,2
DA:106,2
DA:107,1
DA:111,4
DA:115,2
DA:117,6
DA:121,4
DA:122,4
DA:123,2
DA:124,4
DA:125,4
DA:126,0
DA:127,0
DA:134,0
DA:135,0
DA:136,0
DA:137,0
DA:140,0
DA:141,0
DA:144,0
DA:145,0
DA:148,0
DA:155,2
DA:157,4
DA:158,4
DA:161,0
DA:175,2
DA:180,4
DA:183,4
DA:185,0
DA:188,4
DA:189,4
DA:190,2
DA:191,2
DA:192,2
DA:200,1
DA:202,2
DA:204,0
DA:208,1
DA:211,2
DA:212,2
DA:214,2
DA:216,0
DA:218,2
DA:219,1
DA:222,2
DA:223,4
DA:224,4
DA:228,8
DA:231,0
DA:232,0
DA:236,0
DA:237,0
DA:238,0
DA:239,0
DA:242,0
DA:243,0
LF:92
LH:65
end_of_record
SF:lib/features/auth/state/login_messages.dart
DA:9,1
DA:10,1
DA:12,2
DA:17,2
DA:20,2
DA:23,0
DA:32,1
DA:34,3
DA:35,1
DA:36,2
LF:10
LH:9
end_of_record
SF:lib/features/vpn/data/gateway_probe_io.dart
DA:10,1
DA:14,1
DA:15,0
DA:16,0
DA:17,0
DA:18,0
DA:19,0
DA:20,0
DA:21,0
DA:22,0
DA:23,0
DA:24,0
DA:25,0
DA:29,0
DA:35,0
LF:15
LH:2
end_of_record
SF:lib/features/vpn/data/models.dart
DA:13,6
DA:14,12
DA:15,6
DA:16,2
DA:19,8
DA:20,16
DA:40,14
DA:41,14
DA:46,8
DA:58,6
DA:59,6
DA:64,8
DA:73,12
DA:76,21
DA:85,8
DA:98,8
DA:99,8
DA:101,24
LF:18
LH:18
end_of_record
SF:lib/features/vpn/data/models.g.dart
DA:9,28
DA:10,14
DA:11,14
DA:12,14
DA:13,14
DA:14,14
DA:15,28
DA:16,14
DA:17,14
DA:18,14
DA:21,12
DA:22,12
DA:23,12
DA:24,12
DA:25,12
DA:26,12
DA:27,12
DA:28,12
DA:29,12
DA:30,12
DA:31,12
DA:34,6
DA:35,6
DA:36,6
DA:37,6
DA:38,6
DA:39,12
DA:40,6
DA:41,6
DA:42,10
DA:45,0
DA:46,0
DA:47,0
DA:48,0
DA:49,0
DA:50,0
DA:51,0
DA:52,0
DA:53,0
DA:56,12
DA:57,6
DA:58,6
DA:59,6
DA:61,6
DA:62,18
DA:63,6
DA:67,0
DA:68,0
DA:69,0
DA:70,0
DA:71,0
DA:74,8
DA:75,8
DA:76,8
DA:77,8
DA:78,8
DA:79,8
DA:80,16
DA:81,16
DA:82,16
DA:85,0
DA:87,0
DA:88,0
DA:89,0
DA:90,0
DA:91,0
DA:92,0
DA:93,0
DA:94,0
LF:69
LH:46
end_of_record
SF:lib/features/vpn/data/wg_conf.dart
DA:23,13
DA:24,13
DA:25,16
DA:26,26
DA:29,13
DA:30,13
DA:31,15
DA:32,1
DA:34,13
DA:40,13
DA:41,26
DA:42,26
DA:43,2
DA:51,13
DA:52,78
DA:54,13
DA:63,26
DA:64,1
DA:66,26
DA:67,1
DA:69,26
DA:70,1
DA:72,26
DA:73,1
DA:75,26
DA:76,1
DA:83,13
DA:84,13
DA:85,13
DA:86,13
DA:87,13
DA:88,13
DA:89,13
DA:90,13
DA:91,13
DA:92,13
DA:97,13
DA:132,13
DA:138,13
DA:139,13
DA:140,13
DA:141,13
DA:142,26
DA:143,39
DA:145,13
DA:149,13
DA:150,26
DA:151,13
DA:152,13
DA:153,1
DA:154,1
DA:156,13
DA:157,13
DA:162,13
DA:170,13
DA:173,39
DA:174,13
DA:175,39
DA:177,13
DA:178,13
DA:179,13
DA:180,13
DA:183,13
DA:184,39
DA:185,13
DA:187,26
DA:188,13
DA:189,52
DA:190,39
DA:193,39
DA:195,13
DA:196,26
DA:197,39
DA:203,13
DA:208,26
DA:209,26
DA:211,39
DA:212,26
DA:213,39
DA:214,13
DA:215,13
DA:216,78
DA:217,13
DA:218,78
DA:221,13
DA:222,13
DA:223,26
DA:224,65
DA:225,0
DA:226,0
DA:229,13
DA:237,13
DA:238,13
DA:240,13
DA:241,26
DA:242,26
DA:243,26
DA:245,39
DA:246,13
DA:247,13
DA:249,52
DA:250,13
LF:102
LH:100
end_of_record
SF:lib/features/vpn/domain/backend_issue.dart
DA:36,4
DA:37,4
DA:40,4
DA:41,4
DA:43,4
DA:45,4
DA:46,4
DA:48,4
DA:49,2
DA:50,2
DA:51,1
DA:53,1
DA:54,1
DA:55,1
DA:56,1
DA:57,1
LF:16
LH:16
end_of_record
SF:lib/features/vpn/domain/diagnosis_policy.dart
DA:41,4
DA:48,4
DA:55,8
LF:3
LH:3
end_of_record
SF:lib/features/vpn/domain/failover_policy.dart
DA:26,4
DA:36,4
DA:37,4
DA:38,2
DA:39,2
DA:56,4
DA:64,4
DA:77,4
DA:84,4
DA:85,4
DA:98,3
DA:106,6
DA:107,3
DA:108,6
DA:109,6
DA:110,3
DA:114,4
DA:115,0
DA:122,3
LF:19
LH:18
end_of_record
SF:lib/features/vpn/domain/region_policy.dart
DA:6,18
DA:9,4
DA:11,4
DA:12,7
DA:13,3
DA:14,3
DA:15,3
DA:27,3
DA:28,3
DA:29,3
DA:31,1
DA:32,1
DA:33,3
DA:34,3
DA:35,2
DA:36,1
DA:37,3
DA:38,3
DA:41,1
DA:42,7
LF:20
LH:20
end_of_record
SF:lib/features/vpn/domain/tunnel_policy.dart
DA:10,7
DA:11,7
DA:12,7
DA:13,7
DA:20,4
DA:21,4
DA:22,4
DA:23,4
DA:24,4
DA:25,4
DA:33,14
DA:38,14
DA:40,6
DA:41,6
DA:42,4
DA:43,4
DA:44,3
DA:46,6
DA:47,6
DA:48,6
DA:49,6
DA:50,6
DA:52,7
DA:59,13
DA:60,6
DA:61,6
DA:62,12
DA:63,6
DA:64,6
DA:65,12
DA:74,6
DA:75,6
DA:76,5
DA:77,5
DA:78,5
DA:79,2
DA:82,6
DA:83,21
DA:84,1
DA:85,2
DA:86,1
DA:91,6
DA:98,2
DA:99,2
DA:100,3
DA:102,4
DA:104,8
DA:105,2
DA:106,2
DA:108,6
DA:113,1
DA:114,1
DA:132,7
DA:143,12
DA:148,10
LF:55
LH:55
end_of_record
SF:lib/features/vpn/state/cold_restore_watch.dart
DA:23,12
DA:24,12
DA:25,12
DA:31,2
DA:32,2
DA:33,3
LF:6
LH:6
end_of_record
SF:lib/features/vpn/state/connection_controller.dart
DA:56,48
DA:57,60
DA:58,24
DA:62,52
DA:63,24
DA:64,3
DA:65,9
DA:69,48
DA:72,8
DA:85,12
DA:86,15
DA:158,1
DA:159,1
DA:160,1
DA:161,1
DA:178,1
DA:179,1
DA:180,1
DA:181,1
DA:190,1
DA:191,1
DA:192,1
DA:193,1
DA:196,12
DA:197,12
DA:199,3
DA:200,1
DA:207,11
DA:209,22
DA:210,11
DA:211,22
DA:222,5
DA:224,10
DA:232,2
DA:233,4
DA:236,2
DA:237,4
DA:238,1
DA:239,2
DA:245,28
DA:246,24
DA:248,13
DA:250,39
DA:251,38
DA:252,39
DA:253,13
DA:260,52
DA:265,14
DA:266,26
DA:273,1
DA:274,2
DA:276,13
DA:277,13
DA:279,1
DA:280,1
DA:281,1
DA:282,1
DA:283,2
DA:287,2
DA:288,1
DA:296,52
DA:297,13
DA:298,0
DA:301,0
DA:314,1
DA:315,1
DA:318,24
DA:322,2
DA:326,3
DA:331,3
DA:339,4
DA:342,16
DA:345,10
DA:349,2
DA:356,1
DA:357,2
DA:358,1
DA:359,4
DA:364,10
DA:367,4
DA:370,2
DA:373,12
DA:376,2
DA:382,2
DA:391,4
DA:396,6
DA:397,16
DA:402,4
DA:412,4
DA:417,8
DA:419,8
DA:425,0
DA:427,4
DA:434,1
DA:435,4
DA:441,2
DA:447,0
DA:463,1
DA:468,4
DA:472,2
DA:476,2
DA:477,2
DA:478,6
DA:479,2
DA:483,0
DA:484,0
DA:487,1
DA:489,2
DA:496,6
DA:497,12
DA:499,2
DA:501,4
DA:502,3
DA:507,1
DA:508,2
DA:514,12
DA:515,12
DA:517,3
DA:518,2
DA:519,4
DA:520,3
DA:523,1
DA:536,36
DA:537,47
DA:538,39
DA:539,0
DA:540,0
DA:541,0
DA:542,0
DA:545,0
DA:553,12
DA:554,6
DA:555,3
DA:558,54
LF:134
LH:123
end_of_record
SF:lib/features/vpn/state/conn_coldstart.dart
DA:12,2
DA:13,6
DA:14,4
DA:15,2
DA:16,6
DA:17,4
DA:18,4
DA:19,2
DA:20,2
DA:21,2
DA:52,5
DA:53,5
DA:54,21
DA:57,20
DA:60,10
DA:62,0
DA:68,6
DA:69,12
DA:72,12
DA:74,3
DA:76,1
DA:79,6
DA:80,12
DA:83,12
DA:91,5
DA:92,6
DA:94,2
DA:95,2
DA:98,6
DA:101,2
DA:102,4
DA:104,2
DA:107,2
DA:108,8
DA:112,2
DA:119,3
DA:120,2
DA:121,2
DA:122,3
DA:132,2
DA:133,4
DA:135,3
DA:138,4
DA:139,2
DA:142,8
DA:147,2
DA:152,3
DA:157,6
DA:158,0
DA:160,6
DA:161,15
DA:164,6
DA:168,6
DA:170,2
DA:171,2
DA:172,4
DA:179,0
DA:181,6
DA:182,3
DA:189,3
DA:190,3
DA:191,3
DA:192,3
DA:194,3
DA:195,6
DA:201,12
DA:209,3
DA:213,9
DA:214,3
DA:222,8
DA:230,2
DA:231,6
DA:236,8
DA:243,4
DA:252,3
DA:256,6
DA:259,2
DA:260,4
DA:261,2
DA:262,2
DA:269,4
DA:270,2
DA:271,4
DA:272,2
DA:273,2
DA:274,2
DA:276,2
DA:277,2
DA:278,4
DA:279,2
DA:280,2
DA:289,2
DA:290,4
DA:293,0
DA:294,0
DA:295,0
DA:300,12
DA:302,0
DA:304,6
DA:321,2
DA:322,6
DA:323,2
DA:324,0
DA:327,0
DA:328,0
DA:329,0
DA:330,0
DA:331,0
DA:332,0
DA:333,0
DA:346,3
DA:349,2
DA:350,2
DA:352,12
DA:356,3
DA:359,6
DA:361,3
DA:362,6
DA:364,0
DA:365,0
DA:366,0
DA:367,0
DA:369,0
DA:371,0
DA:377,4
DA:378,2
DA:380,3
DA:391,2
DA:392,4
DA:393,6
DA:402,4
DA:403,2
DA:404,6
DA:407,4
DA:408,2
DA:409,2
DA:410,4
DA:422,2
DA:427,2
DA:428,1
DA:429,4
DA:431,2
DA:432,2
DA:433,2
DA:442,4
DA:443,1
DA:444,1
DA:446,4
DA:447,0
DA:448,2
DA:453,0
DA:455,4
DA:456,2
DA:458,0
DA:461,0
DA:466,4
DA:467,2
DA:469,2
DA:470,0
DA:471,0
DA:472,0
DA:473,2
DA:480,2
DA:481,0
DA:482,2
DA:485,0
DA:490,0
DA:498,3
DA:500,6
DA:501,3
DA:502,6
DA:503,6
DA:506,1
DA:513,2
DA:514,2
DA:516,4
DA:523,1
DA:524,3
DA:525,5
DA:526,6
LF:180
LH:149
end_of_record
SF:lib/features/vpn/state/conn_connect.dart
DA:11,12
DA:17,0
DA:18,36
DA:19,12
DA:20,24
DA:21,12
DA:22,48
DA:27,2
DA:32,2
DA:33,4
DA:34,4
DA:35,2
DA:37,0
DA:39,8
DA:40,2
DA:43,48
DA:47,1
DA:54,1
DA:60,1
DA:61,1
DA:65,36
DA:66,12
DA:70,12
DA:71,12
DA:73,2
DA:78,4
DA:79,2
DA:80,2
DA:81,4
DA:87,2
DA:93,1
DA:94,1
DA:107,4
DA:114,0
DA:115,12
DA:116,4
DA:117,0
DA:119,8
DA:120,4
DA:121,0
DA:123,8
DA:124,4
DA:125,8
DA:127,8
DA:129,4
DA:130,4
DA:131,8
DA:134,4
DA:135,0
DA:137,0
DA:140,0
DA:141,0
DA:145,8
DA:146,4
DA:147,4
DA:149,4
DA:150,0
DA:158,12
DA:164,24
DA:165,12
DA:171,2
DA:176,12
DA:177,24
DA:179,48
DA:180,12
DA:187,4
DA:188,2
DA:189,2
DA:190,4
DA:191,2
DA:193,2
DA:194,4
DA:195,1
DA:196,2
DA:197,2
DA:200,1
DA:204,2
DA:206,1
DA:207,2
DA:208,1
DA:210,2
DA:212,2
DA:215,0
DA:216,0
DA:217,0
DA:218,0
DA:219,0
DA:221,0
DA:222,0
DA:225,0
DA:226,0
DA:233,4
DA:236,0
DA:237,0
DA:238,0
DA:241,0
DA:242,0
DA:243,0
DA:245,0
DA:246,0
DA:247,0
DA:249,0
DA:250,0
DA:251,0
DA:252,0
DA:254,0
DA:255,0
DA:258,0
DA:259,0
DA:260,0
DA:261,0
DA:262,0
DA:264,0
DA:265,0
DA:268,0
DA:269,0
DA:276,4
DA:277,4
DA:278,2
DA:280,4
DA:281,8
DA:284,1
DA:285,1
DA:289,12
DA:298,1
DA:300,1
DA:302,1
DA:303,3
DA:324,1
DA:325,1
DA:326,0
DA:327,1
DA:328,4
DA:329,2
DA:330,1
DA:332,1
DA:333,1
DA:340,1
DA:342,0
DA:343,0
DA:344,0
DA:345,0
DA:346,0
DA:349,0
DA:350,0
DA:356,4
DA:360,1
DA:361,1
DA:368,6
DA:369,1
DA:372,1
DA:373,1
DA:401,1
DA:402,1
DA:403,1
DA:404,1
DA:405,4
DA:406,3
DA:409,1
DA:412,4
DA:415,4
DA:416,3
DA:417,0
DA:418,0
DA:419,0
DA:424,1
DA:430,2
DA:432,4
DA:436,3
DA:437,0
DA:444,1
DA:449,1
DA:453,0
DA:454,0
DA:458,2
DA:460,0
DA:461,0
DA:462,0
DA:463,0
DA:464,0
DA:467,0
DA:468,0
DA:473,1
DA:474,1
DA:476,1
DA:477,4
DA:484,4
DA:489,3
DA:490,3
DA:492,5
DA:493,3
DA:494,4
DA:495,4
DA:499,1
DA:500,1
DA:510,1
LF:196
LH:132
end_of_record
SF:lib/features/vpn/state/conn_health.dart
DA:9,5
DA:10,10
DA:11,10
DA:12,15
DA:13,10
DA:19,5
DA:20,5
DA:22,5
DA:23,5
DA:24,5
DA:26,10
DA:27,10
DA:28,5
DA:29,5
DA:44,5
DA:45,15
DA:46,10
DA:47,10
DA:48,10
DA:50,5
DA:51,5
DA:52,10
DA:65,10
DA:66,5
DA:72,5
DA:73,1
DA:74,10
DA:75,5
DA:76,5
DA:77,15
DA:78,1
DA:79,1
DA:83,3
DA:89,5
DA:90,10
DA:91,15
DA:92,0
DA:93,0
DA:94,0
DA:95,0
DA:96,0
DA:99,5
DA:103,5
DA:104,5
DA:106,0
DA:107,6
DA:108,15
DA:109,16
DA:132,5
DA:133,5
DA:134,15
DA:135,15
DA:136,15
DA:137,5
DA:139,8
DA:140,4
DA:144,4
DA:147,8
DA:148,4
DA:149,16
DA:152,3
DA:154,10
DA:166,5
DA:169,5
DA:170,5
DA:180,3
DA:181,6
DA:182,6
DA:195,5
DA:198,5
DA:199,5
DA:205,3
DA:212,9
DA:214,3
DA:216,2
DA:218,1
DA:221,4
DA:229,3
DA:230,2
DA:231,1
DA:232,4
DA:235,3
DA:238,3
DA:239,4
DA:247,9
DA:248,3
DA:249,1
DA:258,3
DA:259,3
DA:260,3
DA:261,3
DA:267,3
DA:268,3
DA:276,6
DA:277,4
DA:278,2
DA:289,3
DA:290,3
DA:291,6
DA:292,6
DA:293,6
DA:295,6
DA:304,2
DA:305,1
DA:314,3
DA:332,15
DA:333,3
DA:335,4
DA:338,3
DA:339,4
DA:341,2
DA:346,3
DA:348,6
DA:350,0
DA:360,6
DA:361,6
DA:365,0
DA:369,12
DA:374,0
DA:383,3
DA:385,6
DA:387,0
LF:122
LH:112
end_of_record
SF:lib/features/vpn/state/conn_lifecycle.dart
DA:11,7
DA:12,14
DA:21,1
DA:22,2
DA:26,2
DA:27,2
DA:32,1
DA:35,1
DA:37,0
DA:40,2
DA:42,0
DA:47,1
DA:49,1
DA:56,1
DA:57,1
DA:58,1
DA:59,1
DA:60,2
DA:62,2
DA:63,1
DA:72,4
DA:77,8
DA:78,12
DA:80,4
DA:94,0
DA:95,0
DA:106,6
DA:107,6
DA:108,6
DA:109,6
DA:110,12
DA:111,18
DA:126,1
DA:130,1
DA:132,2
DA:136,0
DA:138,1
DA:139,1
DA:140,1
DA:141,1
DA:148,2
DA:149,4
DA:150,2
DA:151,8
DA:152,2
DA:153,1
DA:155,2
DA:156,3
DA:157,2
DA:158,4
DA:165,1
DA:166,2
DA:167,1
DA:169,0
DA:170,0
DA:171,0
DA:172,0
DA:174,0
DA:177,1
DA:182,1
DA:186,2
DA:187,1
DA:189,1
DA:195,1
DA:206,6
DA:207,12
DA:209,6
DA:211,6
DA:219,6
DA:222,12
DA:227,24
DA:228,6
DA:231,12
DA:233,12
DA:235,0
DA:239,12
DA:241,0
DA:244,18
DA:249,6
DA:251,3
DA:252,1
DA:253,1
DA:255,2
DA:262,10
DA:263,1
DA:264,2
DA:265,2
DA:266,2
DA:267,2
DA:270,1
DA:271,1
DA:273,1
DA:275,3
DA:279,15
DA:280,5
DA:282,0
DA:283,0
DA:284,0
DA:285,0
DA:289,0
DA:291,0
DA:299,1
DA:300,1
DA:301,1
DA:315,1
DA:320,2
DA:324,2
DA:326,0
DA:329,1
DA:332,2
DA:333,1
DA:334,3
DA:335,1
DA:336,2
DA:339,0
DA:342,0
DA:345,2
DA:347,1
LF:118
LH:97
end_of_record
SF:lib/features/vpn/state/conn_poll.dart
DA:8,8
DA:9,8
DA:11,8
DA:12,8
DA:13,8
DA:15,16
DA:16,16
DA:17,8
DA:18,8
DA:31,8
DA:32,24
DA:33,14
DA:34,14
DA:40,35
DA:41,14
DA:43,7
DA:44,7
DA:47,14
DA:48,4
DA:49,12
DA:53,4
DA:55,4
DA:56,4
DA:57,3
DA:58,2
DA:59,1
DA:62,2
DA:63,1
DA:64,0
DA:67,2
DA:68,1
DA:69,1
DA:71,2
DA:82,8
DA:83,8
DA:84,4
DA:85,3
DA:86,3
DA:92,6
DA:93,6
DA:94,9
DA:95,6
DA:96,0
DA:99,3
DA:100,3
DA:101,3
DA:103,3
DA:104,2
DA:105,2
DA:107,3
DA:108,3
DA:111,3
DA:112,3
DA:117,0
DA:119,3
DA:120,12
DA:127,9
DA:134,12
DA:135,1
DA:138,9
DA:139,1
DA:140,4
DA:144,6
DA:145,3
DA:146,3
DA:147,12
DA:154,9
DA:156,6
DA:158,2
DA:160,6
DA:164,0
DA:170,12
DA:171,1
DA:174,12
DA:175,6
DA:180,2
DA:182,2
DA:183,2
DA:184,3
DA:185,2
DA:186,0
DA:189,2
DA:190,3
DA:191,1
DA:193,2
DA:195,0
DA:197,2
DA:198,1
DA:199,1
DA:200,1
DA:201,2
DA:202,3
DA:208,0
DA:215,1
DA:228,6
DA:231,12
DA:232,12
DA:233,18
DA:234,12
DA:235,0
DA:239,6
DA:241,8
DA:243,30
DA:246,6
DA:247,6
DA:248,24
DA:252,0
DA:254,8
DA:255,8
DA:257,12
DA:258,12
DA:259,3
DA:260,2
DA:261,1
LF:114
LH:105
end_of_record
SF:lib/features/vpn/state/conn_provision.dart
DA:4,2
DA:9,0
DA:10,6
DA:11,2
DA:12,8
DA:14,4
DA:15,2
DA:16,4
DA:17,2
DA:18,4
DA:19,4
DA:22,0
DA:23,0
DA:31,2
DA:32,4
DA:33,4
DA:36,4
DA:37,2
DA:43,4
DA:44,4
DA:45,2
DA:48,2
DA:49,1
DA:50,4
DA:51,2
DA:52,2
DA:53,2
DA:54,6
DA:55,2
DA:56,4
DA:58,4
DA:65,4
DA:66,2
DA:67,4
DA:68,4
DA:73,6
DA:75,2
DA:83,2
DA:84,2
DA:85,1
DA:90,3
DA:93,1
DA:94,1
DA:95,1
DA:97,2
DA:98,6
DA:99,4
DA:100,2
DA:101,4
DA:102,4
DA:103,2
DA:105,8
DA:107,1
DA:108,1
DA:109,1
DA:110,2
DA:111,1
DA:113,1
DA:114,2
DA:115,0
DA:117,2
DA:121,0
DA:123,0
DA:126,4
DA:129,0
DA:130,1
LF:66
LH:59
end_of_record
SF:lib/features/vpn/state/conn_recovery.dart
DA:22,3
DA:29,6
DA:31,6
DA:32,6
DA:33,6
DA:36,6
DA:37,9
DA:38,1
DA:39,3
DA:40,9
DA:45,6
DA:46,6
DA:47,9
DA:48,12
DA:52,3
DA:60,3
DA:61,0
DA:62,0
DA:65,0
DA:71,3
DA:72,6
DA:74,3
DA:79,6
DA:81,0
DA:82,0
DA:83,0
DA:84,0
DA:87,0
DA:93,12
DA:98,6
DA:100,3
DA:113,1
DA:120,0
DA:121,2
DA:123,2
DA:124,2
DA:125,2
DA:126,1
DA:127,3
DA:130,3
DA:131,1
DA:132,2
DA:133,1
DA:134,1
DA:135,1
DA:136,2
DA:137,3
DA:139,1
DA:148,1
DA:171,2
DA:179,0
DA:180,4
DA:182,4
DA:183,4
DA:184,4
DA:187,1
DA:188,2
DA:197,0
DA:198,0
DA:199,0
DA:200,0
DA:201,0
DA:203,0
DA:210,0
DA:211,0
DA:212,0
DA:218,2
DA:223,2
DA:231,4
DA:232,4
DA:233,4
DA:236,1
DA:237,4
DA:239,6
DA:240,2
DA:241,4
DA:242,4
DA:243,6
DA:244,4
DA:248,0
DA:249,0
DA:250,0
DA:259,2
DA:260,0
DA:263,6
DA:264,4
DA:265,2
DA:266,2
DA:268,8
DA:272,2
DA:274,6
DA:283,2
DA:284,2
DA:286,0
DA:288,0
DA:289,0
DA:293,0
DA:298,0
DA:299,0
DA:300,0
DA:301,0
DA:306,0
DA:307,0
DA:312,4
DA:313,2
DA:315,0
DA:316,0
DA:317,0
DA:326,2
DA:327,2
DA:329,2
DA:333,2
DA:334,2
DA:336,0
DA:337,0
DA:340,1
DA:341,1
DA:342,1
DA:343,4
DA:345,1
DA:354,3
DA:360,1
DA:367,3
DA:368,5
DA:369,5
DA:370,4
DA:371,1
DA:388,4
DA:392,2
DA:393,4
DA:395,2
DA:407,1
DA:408,1
DA:417,2
DA:418,2
DA:419,1
DA:420,2
DA:421,2
DA:422,1
DA:423,0
DA:424,0
DA:425,0
DA:430,1
DA:431,1
DA:432,1
DA:444,0
DA:445,0
DA:447,0
DA:450,0
DA:458,0
DA:459,0
DA:461,0
DA:464,0
DA:472,2
DA:476,4
DA:478,1
DA:479,1
DA:480,0
DA:481,1
DA:482,4
DA:484,1
DA:493,2
DA:496,0
DA:497,0
DA:501,2
DA:502,2
DA:504,0
DA:505,0
DA:506,0
DA:507,0
DA:508,0
DA:511,0
DA:516,2
DA:519,2
DA:527,8
DA:530,8
DA:531,1
DA:533,2
DA:534,4
DA:541,1
DA:549,2
DA:552,0
DA:553,0
DA:555,1
DA:561,2
DA:562,1
DA:563,2
DA:564,1
DA:566,0
DA:567,0
DA:568,0
DA:569,0
DA:570,0
DA:572,0
DA:574,0
DA:588,2
DA:592,4
DA:593,4
DA:595,2
DA:596,2
DA:597,5
DA:598,1
DA:603,2
DA:606,2
DA:623,1
DA:633,2
DA:634,2
DA:635,2
DA:637,0
DA:638,0
DA:641,1
DA:646,2
DA:648,0
DA:649,0
DA:650,0
DA:651,0
DA:654,0
DA:660,4
DA:665,3
LF:219
LH:145
end_of_record
SF:lib/features/vpn/state/conn_stage.dart
DA:12,6
DA:13,6
DA:14,5
DA:15,5
DA:21,0
DA:27,16
DA:33,4
DA:34,6
DA:35,1
DA:36,2
DA:41,6
DA:42,1
DA:43,2
DA:44,0
DA:49,1
DA:50,0
DA:51,0
DA:52,0
DA:53,2
DA:54,1
DA:55,1
DA:56,2
DA:57,3
DA:68,6
DA:69,0
DA:72,2
DA:80,8
DA:81,1
DA:87,4
DA:88,3
DA:89,4
DA:92,4
DA:93,0
DA:101,2
DA:102,6
DA:103,8
DA:107,2
DA:108,2
DA:109,2
DA:110,4
DA:116,1
DA:117,0
DA:118,0
DA:121,0
DA:122,0
DA:123,0
DA:124,0
DA:125,0
DA:127,0
DA:134,1
DA:135,3
DA:139,3
DA:140,4
DA:142,2
DA:148,2
DA:154,0
DA:155,0
DA:157,0
DA:170,2
DA:177,8
DA:178,10
DA:184,6
DA:185,1
DA:186,2
DA:187,1
DA:188,0
DA:189,2
DA:190,1
DA:198,0
DA:201,0
DA:204,4
DA:205,4
DA:206,6
DA:207,4
DA:208,0
DA:212,4
DA:214,2
DA:215,2
DA:216,2
DA:217,0
DA:220,0
DA:226,4
DA:227,2
DA:228,2
DA:231,2
DA:240,4
DA:241,2
DA:242,0
DA:257,2
DA:266,0
DA:274,2
DA:278,2
DA:285,0
DA:292,2
DA:299,4
DA:300,4
DA:301,6
DA:302,4
DA:305,4
DA:306,8
DA:307,4
DA:308,6
DA:310,0
DA:322,2
DA:323,4
DA:324,2
DA:326,0
DA:329,0
DA:344,2
DA:350,4
DA:352,4
DA:353,4
DA:354,6
DA:355,4
DA:356,0
DA:359,4
DA:360,2
DA:361,2
DA:362,2
DA:364,2
DA:366,0
DA:369,2
DA:370,2
DA:372,2
DA:383,2
DA:385,2
LF:126
LH:94
end_of_record
SF:lib/features/vpn/state/conn_switch.dart
DA:4,3
DA:19,12
DA:23,9
DA:24,3
DA:26,1
DA:27,2
DA:29,4
DA:30,4
DA:34,6
DA:35,3
DA:36,6
DA:37,9
DA:66,2
DA:71,3
DA:72,4
DA:73,4
DA:74,4
DA:75,4
DA:76,4
DA:77,4
DA:86,1
DA:92,1
DA:97,1
DA:98,2
DA:101,8
DA:102,4
DA:103,4
DA:108,2
DA:109,4
DA:111,2
DA:118,1
DA:119,2
DA:120,4
DA:126,1
DA:127,2
DA:128,4
DA:135,4
DA:145,1
DA:146,1
DA:158,2
DA:159,4
DA:164,4
DA:165,2
DA:166,2
DA:168,4
DA:169,2
DA:170,2
DA:175,1
DA:182,4
DA:183,2
DA:184,2
DA:185,6
DA:186,2
DA:188,4
DA:194,1
DA:197,3
DA:198,1
DA:199,2
DA:202,1
DA:206,2
DA:211,1
DA:212,2
DA:217,1
DA:223,2
DA:226,0
DA:227,0
DA:228,0
DA:232,4
DA:237,2
DA:243,2
DA:254,2
DA:255,4
DA:258,2
DA:264,4
DA:268,2
DA:269,2
DA:272,2
DA:273,1
DA:274,2
DA:282,1
DA:293,2
DA:302,2
DA:304,2
DA:308,3
DA:318,2
DA:323,1
DA:324,0
DA:327,2
DA:330,4
DA:331,10
DA:332,1
DA:333,1
DA:336,0
DA:342,1
DA:345,4
DA:347,2
DA:362,4
DA:363,4
DA:364,4
DA:365,4
DA:368,0
DA:375,6
DA:377,8
DA:382,4
DA:383,4
DA:387,2
DA:388,2
DA:389,4
DA:394,1
DA:395,2
DA:396,4
DA:403,1
DA:404,2
DA:405,4
DA:411,4
DA:419,1
DA:420,1
DA:427,4
DA:429,2
DA:430,4
DA:433,4
DA:434,2
DA:435,2
DA:437,4
DA:438,2
DA:439,2
DA:440,1
DA:441,3
DA:443,4
DA:444,2
DA:445,2
DA:446,4
DA:447,1
DA:449,2
DA:453,1
DA:465,2
DA:478,2
LF:137
LH:131
end_of_record
SF:lib/features/vpn/state/conn_transport.dart
DA:14,5
DA:19,5
DA:21,5
DA:23,3
DA:25,0
DA:26,0
DA:27,0
DA:30,4
DA:31,0
DA:33,4
DA:34,12
DA:35,6
DA:43,4
DA:49,4
DA:51,12
DA:62,2
DA:66,2
DA:68,6
DA:83,5
DA:84,7
DA:85,6
DA:91,3
DA:92,3
DA:97,6
DA:98,6
DA:99,6
DA:100,6
DA:108,0
DA:112,0
DA:127,5
DA:138,2
DA:139,2
DA:140,2
DA:142,2
DA:149,5
DA:150,6
DA:151,6
DA:154,4
DA:155,2
DA:161,0
DA:162,0
DA:164,0
DA:165,0
DA:170,1
DA:175,4
DA:188,4
DA:189,2
DA:191,2
DA:213,12
DA:217,1
DA:218,36
DA:219,24
DA:220,12
DA:221,0
DA:223,12
DA:224,1
DA:227,2
DA:228,1
DA:229,0
DA:231,1
DA:234,2
DA:235,1
DA:236,2
DA:239,2
DA:240,1
DA:241,0
DA:243,2
DA:245,1
DA:247,1
DA:248,0
DA:250,2
DA:251,1
DA:252,1
DA:254,1
DA:255,0
DA:266,2
DA:272,0
DA:273,4
DA:277,4
DA:278,4
DA:279,2
DA:280,0
DA:281,0
DA:284,0
DA:293,3
DA:304,6
DA:305,3
DA:307,0
DA:308,5
DA:314,3
DA:315,12
DA:317,3
DA:322,12
DA:325,4
DA:328,1
DA:332,4
DA:338,0
LF:97
LH:76
end_of_record
SF:lib/features/vpn/state/conn_tunnel.dart
DA:6,12
DA:7,12
DA:8,12
DA:12,12
DA:13,48
DA:14,4
DA:18,12
DA:19,24
DA:20,12
DA:27,48
DA:28,12
DA:29,2
DA:33,0
DA:49,12
DA:50,24
DA:51,12
DA:52,12
DA:53,12
DA:54,12
DA:58,13
DA:59,26
DA:72,11
DA:73,22
DA:74,11
DA:75,22
DA:76,22
DA:79,22
DA:80,22
DA:87,7
DA:88,11
DA:93,8
DA:94,8
DA:97,12
DA:99,8
DA:101,1
DA:106,12
DA:111,0
DA:112,36
DA:113,12
DA:118,12
DA:119,24
DA:120,36
DA:121,36
DA:123,24
DA:124,12
DA:125,0
DA:131,12
DA:132,1
DA:133,2
DA:134,1
DA:135,1
DA:136,0
DA:142,24
DA:143,12
DA:144,12
DA:146,12
DA:147,12
DA:148,12
DA:149,12
DA:150,12
DA:153,12
DA:154,12
DA:155,36
DA:157,1
DA:158,1
DA:162,24
DA:163,36
DA:167,12
DA:171,1
DA:174,24
DA:175,36
DA:176,12
DA:181,6
DA:183,24
DA:184,48
DA:208,48
DA:210,0
DA:212,12
DA:213,0
DA:214,0
DA:217,12
DA:222,36
DA:223,12
DA:230,3
DA:231,6
DA:234,5
DA:235,12
DA:236,6
DA:237,6
DA:243,12
LF:90
LH:83
end_of_record
SF:lib/features/vpn/state/polling_service.dart
DA:17,19
DA:86,13
DA:92,13
DA:93,13
DA:95,26
DA:96,13
DA:97,6
DA:100,26
DA:101,13
DA:102,3
DA:104,26
DA:105,15
DA:106,3
DA:118,2
DA:119,2
DA:120,2
DA:121,6
DA:128,3
DA:133,3
DA:134,3
DA:136,3
DA:138,1
DA:140,3
DA:152,14
DA:153,27
DA:154,14
DA:155,27
DA:156,14
DA:157,27
DA:158,14
DA:159,14
DA:162,1
DA:163,3
LF:33
LH:33
end_of_record
SF:lib/features/vpn/state/resume_coordinator.dart
DA:20,3
DA:35,3
DA:36,18
DA:40,12
DA:42,3
DA:46,3
DA:48,0
DA:56,1
DA:57,6
DA:61,5
DA:68,1
DA:69,0
DA:73,5
DA:74,1
DA:75,2
DA:76,1
DA:78,5
DA:80,0
DA:82,6
DA:87,4
DA:88,5
DA:92,1
DA:94,1
DA:97,0
LF:24
LH:20
end_of_record
SF:lib/features/vpn/data/backend_health.dart
DA:16,1
DA:22,1
DA:23,1
DA:24,1
DA:37,1
DA:43,1
DA:45,0
DA:50,1
DA:52,1
DA:55,0
DA:68,10
DA:71,2
DA:72,2
DA:74,2
DA:75,1
DA:77,1
DA:79,0
LF:17
LH:14
end_of_record
SF:lib/features/vpn/ui/regions/switch_feedback.dart
DA:11,2
DA:12,4
DA:13,5
DA:14,2
DA:15,8
LF:5
LH:5
end_of_record
SF:lib/features/vpn/ui/home/health_banner.dart
DA:16,1
DA:18,3
DA:20,3
DA:21,6
DA:22,9
DA:23,4
DA:27,3
DA:28,1
DA:30,3
DA:32,1
DA:34,1
DA:37,1
DA:38,1
DA:39,1
DA:41,1
DA:51,3
DA:53,4
DA:54,4
DA:55,4
DA:56,3
DA:57,3
LF:21
LH:21
end_of_record
SF:lib/l10n/gen/app_localizations.dart
DA:65,3
DA:66,6
DA:70,3
DA:71,3
DA:578,1
DA:580,3
DA:582,6
DA:585,3
DA:587,9
DA:589,0
DA:593,3
DA:595,3
DA:596,3
DA:597,0
DA:598,3
DA:599,3
DA:602,0
LF:17
LH:14
end_of_record
SF:lib/l10n/gen/app_localizations_de.dart
DA:10,0
DA:12,0
DA:15,0
DA:18,0
DA:21,0
DA:24,0
DA:27,0
DA:29,0
DA:32,0
DA:35,0
DA:38,0
DA:41,0
DA:43,0
DA:46,0
DA:48,0
DA:51,0
DA:54,0
DA:57,0
DA:60,0
DA:63,0
DA:66,0
DA:70,0
DA:74,0
DA:78,0
DA:82,0
DA:86,0
DA:89,0
DA:91,0
DA:94,0
DA:96,0
DA:99,0
DA:101,0
DA:104,0
DA:107,0
DA:111,0
DA:114,0
DA:117,0
DA:120,0
DA:123,0
DA:126,0
DA:129,0
DA:132,0
DA:135,0
DA:138,0
DA:142,0
DA:145,0
DA:148,0
DA:151,0
DA:153,0
DA:156,0
DA:159,0
DA:161,0
DA:163,0
DA:164,0
DA:167,0
DA:169,0
DA:170,0
DA:173,0
DA:176,0
DA:178,0
DA:180,0
DA:181,0
DA:184,0
DA:187,0
DA:190,0
DA:193,0
DA:195,0
DA:198,0
DA:200,0
DA:203,0
DA:206,0
DA:209,0
DA:212,0
DA:215,0
DA:218,0
DA:221,0
DA:224,0
DA:227,0
DA:231,0
DA:234,0
DA:237,0
DA:241,0
DA:244,0
DA:248,0
DA:251,0
DA:255,0
DA:259,0
DA:263,0
DA:266,0
DA:270,0
DA:273,0
DA:276,0
DA:278,0
DA:281,0
DA:283,0
DA:286,0
DA:288,0
DA:291,0
DA:293,0
DA:296,0
DA:299,0
DA:302,0
DA:305,0
DA:308,0
LF:104
LH:0
end_of_record
SF:lib/l10n/gen/app_localizations_en.dart
DA:10,6
DA:12,2
DA:15,2
DA:18,2
DA:21,2
DA:24,0
DA:27,1
DA:29,1
DA:32,2
DA:35,1
DA:38,0
DA:41,0
DA:43,0
DA:46,0
DA:48,0
DA:51,2
DA:54,1
DA:57,2
DA:60,1
DA:63,0
DA:66,1
DA:70,1
DA:74,1
DA:77,1
DA:81,0
DA:84,1
DA:87,1
DA:89,1
DA:92,1
DA:94,1
DA:97,1
DA:99,1
DA:102,1
DA:105,0
DA:108,1
DA:111,1
DA:114,1
DA:117,1
DA:120,0
DA:123,1
DA:126,1
DA:129,1
DA:132,2
DA:135,1
DA:139,1
DA:142,2
DA:145,1
DA:148,1
DA:150,1
DA:153,1
DA:156,1
DA:158,1
DA:160,1
DA:161,1
DA:164,1
DA:166,1
DA:167,1
DA:170,1
DA:173,1
DA:175,1
DA:177,1
DA:178,1
DA:181,1
DA:184,0
DA:187,2
DA:190,1
DA:192,1
DA:195,2
DA:197,2
DA:200,0
DA:203,2
DA:206,2
DA:209,2
DA:212,0
DA:215,0
DA:218,2
DA:221,1
DA:224,1
DA:228,1
DA:231,1
DA:234,1
DA:238,2
DA:241,0
DA:245,2
DA:248,2
DA:252,0
DA:256,1
DA:260,2
DA:263,1
DA:266,2
DA:269,2
DA:272,0
DA:274,0
DA:277,2
DA:279,2
DA:282,2
DA:284,2
DA:287,0
DA:289,0
DA:292,0
DA:295,0
DA:298,0
DA:301,0
DA:304,0
LF:104
LH:79
end_of_record
SF:lib/main.dart
DA:13,0
DA:14,0
DA:17,0
DA:18,0
DA:24,1
DA:26,2
DA:28,2
DA:30,2
DA:31,4
DA:33,4
DA:39,2
DA:40,2
LF:12
LH:8
end_of_record
SF:lib/app/authed_shell.dart
DA:19,1
DA:21,2
DA:22,2
DA:30,2
DA:32,2
DA:35,4
DA:36,4
DA:38,4
DA:39,0
DA:40,4
DA:45,6
DA:46,2
DA:47,6
DA:51,2
DA:53,4
DA:54,2
DA:57,2
DA:59,2
DA:61,2
DA:66,4
DA:67,2
DA:68,2
DA:69,8
DA:70,2
DA:71,2
DA:73,2
DA:75,2
DA:77,2
DA:79,2
DA:81,2
LF:30
LH:29
end_of_record
SF:lib/features/vpn/ui/home_screen.dart
DA:21,1
DA:23,2
DA:25,2
DA:27,2
DA:28,6
LF:5
LH:5
end_of_record
SF:lib/features/vpn/ui/regions_screen.dart
DA:24,1
DA:26,2
DA:27,2
DA:47,2
DA:49,2
DA:50,7
DA:51,1
DA:52,3
DA:54,2
DA:55,4
DA:62,6
DA:63,2
DA:64,4
DA:65,0
DA:70,2
DA:72,4
DA:73,4
DA:74,2
DA:80,0
DA:81,0
DA:82,0
DA:86,0
DA:87,0
DA:88,0
DA:89,0
DA:92,0
DA:93,0
DA:94,0
DA:95,0
DA:96,0
DA:103,1
DA:104,2
DA:106,4
DA:107,1
DA:108,3
DA:109,4
DA:112,0
DA:113,0
DA:114,0
DA:115,0
DA:123,2
DA:124,2
DA:126,1
DA:127,2
DA:128,1
DA:133,2
DA:135,2
DA:136,4
DA:137,12
DA:139,2
DA:142,2
DA:144,2
DA:145,2
DA:146,4
DA:147,2
DA:148,2
DA:151,2
DA:152,2
DA:156,2
DA:157,2
DA:158,2
DA:159,2
DA:160,0
DA:162,2
DA:163,2
DA:164,2
DA:165,2
DA:166,2
DA:170,2
DA:171,1
DA:173,1
DA:174,1
DA:176,1
DA:177,1
DA:182,1
DA:183,1
DA:184,2
DA:189,2
DA:190,4
DA:191,2
DA:192,2
DA:195,5
DA:196,2
DA:197,2
DA:198,2
DA:199,2
DA:200,2
DA:210,2
DA:216,2
DA:217,3
DA:219,2
DA:223,1
DA:224,2
DA:226,1
DA:229,0
DA:238,0
DA:240,0
LF:97
LH:76
end_of_record
SF:lib/features/vpn/ui/settings_screen.dart
DA:17,1
DA:19,2
DA:21,2
DA:22,2
DA:23,6
DA:24,2
LF:6
LH:6
end_of_record
SF:lib/app/desktop_tray.dart
DA:22,1
DA:52,1
DA:53,2
DA:54,1
DA:55,1
DA:56,1
DA:59,1
DA:62,1
DA:63,1
DA:64,1
DA:65,2
DA:66,1
DA:67,3
DA:71,1
DA:72,3
DA:77,1
DA:78,2
DA:79,1
DA:80,3
DA:83,1
DA:84,2
DA:85,1
DA:87,2
DA:88,2
DA:91,3
DA:93,5
DA:95,1
DA:96,1
DA:97,1
DA:98,3
DA:99,3
DA:100,3
DA:103,1
DA:104,1
DA:105,3
DA:106,1
DA:109,1
DA:110,1
DA:111,3
DA:112,1
DA:115,1
DA:116,1
DA:117,1
DA:118,6
DA:123,1
DA:124,1
DA:125,6
DA:130,4
DA:132,1
DA:133,1
DA:134,4
DA:136,1
DA:137,1
DA:138,1
DA:139,1
DA:140,1
DA:142,2
DA:143,1
DA:144,1
DA:145,1
DA:151,4
DA:154,1
DA:155,6
DA:159,1
DA:161,1
DA:163,0
DA:173,1
DA:177,2
DA:178,2
DA:182,4
DA:185,2
DA:187,2
DA:188,2
DA:190,0
DA:191,0
DA:192,0
DA:193,0
DA:194,0
DA:195,0
DA:196,0
DA:197,0
DA:199,0
DA:201,0
DA:202,0
DA:206,0
DA:207,0
DA:209,0
DA:213,2
DA:215,4
DA:216,2
DA:219,2
DA:220,4
LF:92
LH:77
end_of_record
SF:lib/core/desktop/tray_manager_platform.dart
DA:31,6
DA:34,2
DA:35,6
DA:38,6
DA:42,0
DA:43,0
DA:44,0
DA:53,2
DA:54,4
DA:56,0
DA:58,0
DA:64,2
DA:65,2
DA:76,0
DA:82,0
DA:83,0
DA:84,0
DA:89,0
DA:90,0
DA:93,0
DA:94,0
DA:96,0
DA:98,0
DA:99,0
DA:102,0
DA:104,0
DA:106,0
DA:107,0
DA:111,0
DA:112,0
DA:116,0
DA:117,0
DA:118,0
DA:119,0
DA:120,0
DA:123,0
DA:124,0
DA:127,0
DA:128,0
DA:133,0
DA:135,0
DA:138,0
DA:139,0
DA:141,0
DA:144,0
DA:145,0
DA:146,0
DA:149,0
DA:150,0
DA:152,0
DA:157,0
DA:158,0
DA:159,0
DA:161,0
DA:166,0
DA:168,0
DA:172,0
DA:174,0
DA:175,0
DA:178,0
DA:179,0
DA:181,0
DA:182,0
DA:184,0
DA:186,0
DA:187,0
DA:188,0
DA:189,0
DA:190,0
DA:193,0
DA:194,0
DA:199,0
DA:201,0
DA:202,0
DA:203,0
DA:204,0
DA:205,0
DA:206,0
DA:213,0
DA:214,0
DA:215,0
DA:216,0
DA:217,0
DA:220,0
DA:223,0
DA:224,0
DA:227,0
DA:229,0
DA:232,0
DA:234,0
DA:237,0
DA:238,0
DA:240,0
DA:243,0
DA:247,0
DA:248,0
DA:250,0
DA:252,0
LF:98
LH:8
end_of_record
SF:lib/app/root_shell.dart
DA:14,1
DA:16,2
DA:18,4
DA:19,2
DA:20,2
DA:25,0
DA:26,0
DA:29,4
DA:30,2
DA:31,2
LF:10
LH:8
end_of_record
SF:lib/features/auth/ui/login_screen.dart
DA:10,1
DA:12,1
DA:13,1
DA:21,1
DA:23,2
DA:24,2
DA:25,1
DA:28,0
DA:29,0
DA:30,0
DA:31,0
DA:32,0
DA:33,0
DA:34,0
DA:35,0
DA:39,0
DA:40,0
DA:41,0
DA:44,1
DA:46,4
DA:47,1
DA:48,1
DA:49,3
DA:50,1
DA:51,1
DA:53,1
DA:55,1
DA:58,1
DA:61,1
DA:62,1
DA:63,3
DA:67,1
DA:68,1
DA:69,1
DA:70,1
DA:71,1
DA:82,0
DA:85,1
DA:86,1
DA:87,1
DA:88,1
DA:90,1
DA:91,1
DA:92,1
DA:94,1
DA:95,0
DA:96,1
DA:97,0
DA:98,0
DA:101,1
DA:104,0
DA:106,1
DA:108,0
DA:110,0
DA:111,0
DA:112,0
DA:113,0
DA:119,1
DA:120,1
DA:121,2
DA:122,1
DA:128,2
DA:130,1
DA:131,1
DA:132,1
DA:134,1
DA:136,1
DA:137,1
DA:138,3
DA:144,1
DA:145,1
DA:146,1
DA:148,0
DA:149,0
DA:150,0
DA:152,2
DA:154,1
DA:155,1
DA:156,1
DA:158,0
DA:159,0
DA:160,0
DA:162,2
LF:83
LH:56
end_of_record
SF:lib/features/vpn/ui/home/backend_banner.dart
DA:14,1
DA:16,2
DA:18,10
DA:19,3
DA:22,6
DA:23,2
DA:25,1
DA:26,1
DA:28,1
DA:30,1
DA:31,1
DA:32,1
DA:33,1
DA:35,1
DA:36,1
LF:15
LH:15
end_of_record
SF:lib/features/vpn/ui/home/power_button.dart
DA:20,1
DA:22,2
DA:24,2
DA:25,10
DA:26,6
DA:27,2
DA:28,2
DA:29,3
DA:36,8
DA:39,3
DA:41,1
DA:42,2
DA:43,2
DA:44,2
DA:46,2
DA:48,2
DA:49,2
DA:54,2
DA:55,2
DA:58,2
DA:59,2
DA:64,1
DA:65,4
DA:67,1
DA:68,4
DA:70,4
DA:74,1
DA:80,1
DA:83,1
DA:84,1
DA:85,1
DA:87,2
DA:90,2
DA:92,2
DA:93,2
DA:97,2
DA:101,2
DA:102,0
DA:104,6
DA:106,2
DA:119,0
DA:120,0
LF:42
LH:39
end_of_record
SF:lib/features/vpn/ui/home/status_header.dart
DA:14,1
DA:19,0
DA:25,0
DA:26,0
DA:27,0
DA:28,0
DA:31,2
DA:38,1
DA:39,1
DA:41,0
DA:43,2
DA:44,1
DA:46,2
DA:49,2
DA:51,2
DA:52,4
DA:53,2
DA:54,4
DA:55,10
DA:62,2
DA:63,3
DA:64,2
DA:65,2
DA:67,2
DA:69,2
DA:70,2
DA:74,2
DA:75,2
DA:77,2
DA:78,2
DA:82,1
DA:83,4
DA:86,2
DA:88,4
DA:95,3
DA:97,1
DA:100,1
DA:101,1
DA:105,1
DA:107,1
DA:108,4
DA:110,2
DA:113,0
DA:115,0
DA:116,0
DA:119,0
DA:120,0
DA:123,0
LF:48
LH:36
end_of_record
SF:lib/features/vpn/ui/home/traffic_card.dart
DA:13,1
DA:15,2
DA:17,2
DA:18,2
DA:19,12
DA:24,2
DA:25,2
DA:31,1
DA:32,1
DA:33,1
DA:35,1
DA:37,1
DA:38,1
DA:39,1
DA:40,1
DA:41,1
DA:43,1
DA:45,1
DA:46,1
DA:47,1
DA:48,2
DA:51,1
DA:52,1
DA:54,2
LF:24
LH:24
end_of_record
SF:lib/features/vpn/ui/regions/region_search_field.dart
DA:8,2
DA:17,2
DA:19,2
DA:20,2
DA:22,2
DA:23,2
DA:24,2
DA:25,2
DA:28,0
LF:9
LH:8
end_of_record
SF:lib/features/vpn/ui/regions/region_tiles.dart
DA:8,2
DA:21,2
DA:23,2
DA:24,2
DA:26,4
DA:27,2
DA:28,2
DA:29,1
DA:30,3
DA:32,4
DA:33,2
DA:34,3
DA:42,1
DA:57,1
DA:59,1
DA:60,1
DA:61,3
DA:62,1
DA:63,2
DA:64,5
DA:65,0
DA:67,3
DA:68,1
DA:69,2
DA:70,1
DA:71,2
DA:72,1
DA:73,4
DA:75,1
DA:76,3
DA:77,3
DA:78,1
LF:32
LH:31
end_of_record
SF:lib/features/vpn/ui/settings/account_section.dart
DA:15,1
DA:17,2
DA:19,2
DA:20,8
DA:22,2
DA:23,2
DA:26,2
DA:27,2
DA:28,4
DA:29,6
DA:32,2
DA:33,2
DA:35,1
DA:39,4
DA:41,1
DA:43,4
DA:45,4
LF:17
LH:17
end_of_record
SF:lib/features/vpn/ui/settings/device_name_section.dart
DA:13,1
DA:15,2
DA:16,2
DA:22,2
DA:24,2
DA:25,2
DA:26,12
DA:27,2
DA:30,0
DA:31,0
DA:33,0
DA:36,0
DA:40,2
DA:42,4
DA:43,2
DA:46,0
DA:47,0
DA:48,0
DA:49,0
DA:52,2
DA:54,2
DA:55,2
DA:58,2
DA:59,4
DA:60,2
DA:61,2
DA:62,4
DA:65,2
DA:66,0
DA:67,0
DA:68,0
DA:69,0
DA:72,0
DA:73,0
DA:75,4
LF:35
LH:21
end_of_record
SF:lib/features/vpn/ui/settings/diagnostics_footer.dart
DA:20,1
DA:22,2
DA:24,2
DA:27,2
DA:28,4
DA:29,2
DA:30,2
DA:31,2
DA:32,2
DA:33,2
DA:34,2
DA:35,2
DA:36,2
DA:40,2
DA:42,2
DA:44,2
DA:45,0
DA:46,0
DA:50,1
DA:51,1
DA:52,1
DA:56,2
DA:59,2
DA:60,2
DA:61,2
DA:62,6
DA:63,6
DA:66,2
DA:67,2
DA:68,6
DA:71,4
DA:72,0
DA:73,0
DA:78,0
DA:79,0
DA:80,0
DA:83,0
DA:84,0
DA:85,0
DA:86,0
DA:88,0
DA:89,0
DA:90,0
LF:43
LH:29
end_of_record
SF:lib/features/vpn/ui/settings/forget_device_button.dart
DA:10,1
DA:12,2
DA:14,2
DA:15,2
DA:16,1
DA:17,1
DA:19,2
DA:20,2
DA:21,2
DA:22,1
DA:23,1
DA:24,0
DA:25,2
DA:27,1
DA:28,3
DA:29,2
DA:34,1
DA:35,4
DA:36,1
DA:37,1
DA:38,4
DA:40,4
LF:22
LH:21
end_of_record
SF:lib/features/vpn/ui/settings/lan_switch_tile.dart
DA:10,1
DA:12,2
DA:14,4
DA:15,2
DA:16,10
DA:18,2
DA:24,2
DA:25,2
DA:26,4
DA:27,2
DA:32,2
DA:33,4
DA:34,2
DA:41,2
DA:42,1
DA:43,1
DA:45,3
DA:48,4
DA:49,4
DA:50,4
DA:52,1
DA:55,1
DA:56,4
DA:57,1
DA:58,1
DA:59,1
DA:61,0
DA:62,1
LF:28
LH:27
end_of_record
